ASxxxx Assembler V02.00 + NoICE + SDCC mods  (Zilog Z80 / Hitachi HD64180 / ZX-Next / eZ80 / R800)                          Page 1
Hexadecimal [32-Bits]



                                      1         ;; abs.s
                                      2         ;; 
                                      3         ;; iumplementation of abs(0 function)
                                      4         ;;
                                      5         ;; MIT License (see: LICENSE)
                                      6         ;; copyright (c) 2022 tomaz stih
                                      7         ;;
                                      8         ;; 16.06.2022    tstih
                                      9         .module abs
                                     10 
                                     11         .globl  _abs
                                     12         .globl  absraw
                                     13 
                                     14         .area   _CODE
                                     15         ;; --------------
                                     16         ;; int abs(int x)
                                     17         ;; --------------
    00000000                         18 _abs:
    00000000                         19 absraw:
                                     20         ;; abs hl
    00000000 CB 7C            [ 8]   21         bit     7,h
    00000002 C8               [11]   22         ret     z
    00000003 AF               [ 4]   23         xor     a  
    00000004 95               [ 4]   24         sub     l 
    00000005 6F               [ 4]   25         ld      l,a
    00000006 9F               [ 4]   26         sbc     a,a 
    00000007 94               [ 4]   27         sub     h 
    00000008 67               [ 4]   28         ld      h,a
    00000009 C9               [10]   29         ret
