ASxxxx Assembler V02.00 + NoICE + SDCC mods  (Zilog Z80 / Hitachi HD64180 / ZX-Next / eZ80 / R800)                          Page 1
Hexadecimal [32-Bits]



                                      1         ;; fparse.s
                                      2         ;; 
                                      3         ;; minimal io ops
                                      4         ;;
                                      5         ;; MIT License (see: LICENSE)
                                      6         ;; copyright (c) 2022 tomaz stih
                                      7         ;;
                                      8         ;; 14.04.2022    tstih
                                      9         .module fparse
                                     10 
                                     11         .globl  _fparse
                                     12 
                                     13         ;; automata states
                         00000000    14         .equ    S_START,        0b00000000
                         00000001    15         .equ    S_AREA,         0b00000001
                         00000002    16         .equ    S_DRIVE,        0b00000010
                         00000003    17         .equ    S_FNAME0,       0b00000011
                         00000004    18         .equ    S_FNAME,        0b00000100
                         00000005    19         .equ    S_EXT0,         0b00000101
                         00000006    20         .equ    S_EXT,          0b00000110
                         00000007    21         .equ    S_END,          0b00000111
                                     22 
                                     23         ;; automata test
                         00000000    24         .equ    T_ELSE,         0b00000000
                         00000010    25         .equ    T_DIGIT,        0b00010000
                         00000020    26         .equ    T_COLON,        0b00100000
                         00000030    27         .equ    T_DOT,          0b00110000
                         00000040    28         .equ    T_ALPHA,        0b01000000
                         00000050    29         .equ    T_ASCII7,       0b01010000
                         00000060    30         .equ    T_ZERO,         0b01100000
                                     31 
                                     32         ;; automata functions
                         00000000    33         .equ    F_NONE,         0b00000000
                         00000010    34         .equ    F_APPEND_AREA,  0b00010000
                         00000020    35         .equ    F_STACK_SYM,    0b00100000
                         00000030    36         .equ    F_SET_DRV,      0b00110000
                         00000040    37         .equ    F_APPEND_FNAME, 0b01000000
                         00000050    38         .equ    F_APPEND_EXT,   0b01010000
                                     39 
                                     40         ;; return (status) codes
                         00000000    41         .equ    R_SUCCESS,      0       ; all good that ends good
                         00000001    42         .equ    R_UNEXPECT,     1       ; unexpected symbol
                         00000002    43         .equ    R_INVALID_FN,   2       ; function not defined
                         00000003    44         .equ    R_INVALID_AREA, 3       ; area not in 0-15 range
                         00000004    45         .equ    R_SSTACK_OF,    4       ; symbol stack overflow
                         00000005    46         .equ    R_FNAME_OF,     5       ; filename overflow
                         00000006    47         .equ    R_EXT_OF,       6       ; extension overflow
                                     48 
                                     49         ;; defaults
                         000000FF    50         .equ    DEFAULT_AREA,   0xff
                         00000000    51         .equ    NO_SYM,         0x00
                                     52 
                                     53         .area _CODE
                                     54         ;; ----- int fparse(char *path, fcb_t *fcb, uint8_t *area) ------------
    00000000                         55 _fparse::
ASxxxx Assembler V02.00 + NoICE + SDCC mods  (Zilog Z80 / Hitachi HD64180 / ZX-Next / eZ80 / R800)                          Page 2
Hexadecimal [32-Bits]



                                     56         ;; Need: HL=path, DE'=fcb, BC'=area
                                     57         ;; Strategy: Push fcb, read area, push area, exx, pop to BC' and DE'
    00000000 D5               [11]   58         push    de                      ; save fcb
                                     59         ;; Stack now: [fcb][ret_addr][area]
                                     60         ;; Read area from SP+4 and SP+5 into BC temporarily
    00000001 DD 21 04 00      [14]   61         ld      ix,#4
    00000005 DD 39            [15]   62         add     ix,sp
    00000007 DD 4E 00         [19]   63         ld      c,(ix)                  ; area_lo from stack
    0000000A DD 46 01         [19]   64         ld      b,1(ix)                 ; area_hi from stack
    0000000D C5               [11]   65         push    bc                      ; push area
                                     66         ;; Stack now: [area][fcb][ret_addr][area_on_stack]
                                     67         ;; Switch to alternate and set up BC'=area, DE'=fcb
    0000000E D9               [ 4]   68         exx
    0000000F C1               [10]   69         pop     bc                      ; BC' = area pointer
    00000010 D1               [10]   70         pop     de                      ; DE' = fcb pointer
                                     71         ;; Now initialize FCB (DE' points to it)
    00000011 D5               [11]   72         push    de                      ; save fcb
    00000012 AF               [ 4]   73         xor     a                       ; a=0
    00000013 12               [ 7]   74         ld      (de),a                  ; default drive
    00000014 13               [ 6]   75         inc     de                      ; skip over default
    00000015 06 0B            [ 7]   76         ld      b,#11                   ; 8+3 filename
    00000017 3E 20            [ 7]   77         ld      a,#' '                  ; pad with spaces
    00000019                         78 fpa_init_fcb:
    00000019 12               [ 7]   79         ld      (de),a
    0000001A 13               [ 6]   80         inc     de
    0000001B 10 FC            [13]   81         djnz    fpa_init_fcb
    0000001D D1               [10]   82         pop     de                      ; restore DE' = fcb
                                     83         ;; Switch back to normal registers
    0000001E D9               [ 4]   84         exx
                                     85         ;; HL still contains path (never changed it)
                                     86         ;; restore stack and make iy point to it
    0000001F FD 21 F8 FF      [14]   87         ld      iy,#-8
    00000023 FD 39            [15]   88         add     iy,sp
    00000025 FD F9            [10]   89         ld      sp,iy
                                     90         ;; we will use space from 2(iy) to 7(iy) as
                                     91         ;; local variables ... overwriting arguments
    00000027 FD 36 02 00      [19]   92         ld      2(iy),#S_START          ; initial state to 2(iy)!
    0000002B FD 36 03 01      [19]   93         ld      3(iy),#R_UNEXPECT       ; status is unexpected
    0000002F FD 36 04 FF      [19]   94         ld      4(iy),#DEFAULT_AREA     ; default area
    00000033 FD 36 05 00      [19]   95         ld      5(iy),#NO_SYM           ; stacked symbol
    00000037 FD 36 06 00      [19]   96         ld      6(iy),#0                ; fname len
    0000003B FD 36 07 00      [19]   97         ld      7(iy),#0                ; ext len
                                     98         ;; main loop
    0000003F                         99 fpa_nextsym:
                                    100         ;; get next symbol
    0000003F 7E               [ 7]  101         ld      a,(hl)
    00000040 E5               [11]  102         push    hl                      ; store hl!
                                    103         ;; find transition
    00000041 CD 58 00         [17]  104         call    fpa_find_transition
                                    105         ;; if not found then unexpected error
    00000044 20 3E            [12]  106         jr      nz,fpa_done
                                    107         ;; else transition function id is in register l
    00000046 CD D9 00         [17]  108         call    fpa_execfn
    00000049 20 39            [12]  109         jr      nz,fpa_done             ; if not zero then status!
                                    110         ;; is it final state?
ASxxxx Assembler V02.00 + NoICE + SDCC mods  (Zilog Z80 / Hitachi HD64180 / ZX-Next / eZ80 / R800)                          Page 3
Hexadecimal [32-Bits]



    0000004B FD 7E 02         [19]  111         ld      a,2(iy)
    0000004E E6 0F            [ 7]  112         and     #0x0f
    00000050 FE 07            [ 7]  113         cp      #S_END
    00000052 28 30            [12]  114         jr      z,fpa_done
                                    115         ;; loop
    00000054 E1               [10]  116         pop     hl                      ; restore hl
    00000055 23               [ 6]  117         inc     hl                      ; next symbol
    00000056 18 E7            [12]  118         jr      fpa_nextsym             ; and loop
                                    119         ;; find transition
    00000058                        120 fpa_find_transition:
    00000058 21 A7 01         [10]  121         ld      hl,#fpa_automata        ; address of mealy automata
                                    122         ;; b=total transitions
    0000005B 06 0F            [ 7]  123         ld      b,#((efpa_automata-fpa_automata)/2)
    0000005D 4F               [ 4]  124         ld      c,a                     ; store a
    0000005E                        125 fpaft_loop:
    0000005E 7E               [ 7]  126         ld      a,(hl)                  ; get first byte
    0000005F E6 0F            [ 7]  127         and     #0b00001111             ; get state
    00000061 FD BE 02         [19]  128         cp      2(iy)                   ; is it current state?
    00000064 CC 9D 00         [17]  129         call    z,fpaft_test            ; call test
    00000067 20 0E            [12]  130         jr      nz,fpaft_next           ; test failed, next trans.
    00000069 23               [ 6]  131         inc     hl                      ; get next byte
    0000006A 7E               [ 7]  132         ld      a,(hl)                  ; get second byte to a
    0000006B E6 0F            [ 7]  133         and     #0b00001111             ; grab next state
    0000006D FD 77 02         [19]  134         ld      2(iy),a                 ; store to current state
    00000070 7E               [ 7]  135         ld      a,(hl)                  ; get second byte to a
    00000071 E6 F0            [ 7]  136         and     #0b11110000             ; extract function
    00000073 6F               [ 4]  137         ld      l,a                     ; get function to l
                                    138         ;; and return success
    00000074 AF               [ 4]  139         xor     a
    00000075 79               [ 4]  140         ld      a,c
    00000076 C9               [10]  141         ret
    00000077                        142 fpaft_next:
    00000077 23               [ 6]  143         inc     hl                      ; next state
    00000078 23               [ 6]  144         inc     hl
    00000079 10 E3            [13]  145         djnz    fpaft_loop              ; and loop it
                                    146         ;; if we are here, we did not find
                                    147         ;; the transition. clear zero flag!
    0000007B                        148 fpaft_unexpect_sym:
    0000007B FD 36 03 01      [19]  149         ld      3(iy), #R_UNEXPECT
    0000007F                        150 fpaft_set_z:
    0000007F AF               [ 4]  151         xor     a
    00000080 FE FF            [ 7]  152         cp      #0xff                   ; rest z flag
    00000082 79               [ 4]  153         ld      a,c                     ; resotre a
    00000083 C9               [10]  154         ret
                                    155         ;; we're done parsing
    00000084                        156 fpa_done:
    00000084 E1               [10]  157         pop     hl                      ; clear stack
                                    158         ;; set result
    00000085 26 00            [ 7]  159         ld      h,#0                    
    00000087 FD 6E 03         [19]  160         ld      l,3(iy)
                                    161         ;; set area
    0000008A FD 7E 04         [19]  162         ld      a,4(iy)                 ; get area
    0000008D D9               [ 4]  163         exx
    0000008E 02               [ 7]  164         ld      (bc),a                  ; set area
                                    165         ;; convert drive to uppercase
ASxxxx Assembler V02.00 + NoICE + SDCC mods  (Zilog Z80 / Hitachi HD64180 / ZX-Next / eZ80 / R800)                          Page 4
Hexadecimal [32-Bits]



    0000008F 1A               [ 7]  166         ld      a,(de)                  ; get drive
    00000090 B7               [ 4]  167         or      a                       ; test for no drive
    00000091 28 08            [12]  168         jr      z,fpa_no_drive
    00000093 D5               [11]  169         push    de                      ; store de
    00000094 CD 00 00         [17]  170         call    char_to_upper           ; convert to upper
    00000097 D6 40            [ 7]  171         sub     #'A'-1                  ; make 1 based index
    00000099 D1               [10]  172         pop     de                      ; restore de
    0000009A 12               [ 7]  173         ld      (de),a                  ; set drive
    0000009B                        174 fpa_no_drive:
    0000009B D9               [ 4]  175         exx
                                    176         ;; and return
    0000009C C9               [10]  177         ret   
                                    178 
                                    179         ;; ----- tests --------------------------------------------------------
                                    180         ;; extract test from a and do it!
    0000009D                        181 fpaft_test:
    0000009D 7E               [ 7]  182         ld      a,(hl)                  ; get a (again)
    0000009E E6 F0            [ 7]  183         and     #0b11110000             ; extract test
    000000A0                        184 ftaft_t01:
    000000A0 FE 10            [ 7]  185         cp      #T_DIGIT                ; digit test?
    000000A2 20 05            [12]  186         jr      nz,ftaft_t02
                                    187         ;; it is digit test
    000000A4 79               [ 4]  188         ld      a,c                     ; symbol to a
    000000A5 CD 00 00         [17]  189         call    test_is_digit
    000000A8 C9               [10]  190         ret
    000000A9                        191 ftaft_t02:
    000000A9 FE 20            [ 7]  192         cp      #T_COLON
    000000AB 20 04            [12]  193         jr      nz,ftaft_t03
    000000AD 79               [ 4]  194         ld      a,c                     ; symbol to a
    000000AE FE 3A            [ 7]  195         cp      #':'
    000000B0 C9               [10]  196         ret
    000000B1                        197 ftaft_t03:
    000000B1 FE 30            [ 7]  198         cp      #T_DOT
    000000B3 20 04            [12]  199         jr      nz,ftaft_t04
    000000B5 79               [ 4]  200         ld      a,c                     ; symbol to a
    000000B6 FE 2E            [ 7]  201         cp      #'.'
    000000B8 C9               [10]  202         ret
    000000B9                        203 ftaft_t04:
    000000B9 FE 40            [ 7]  204         cp      #T_ALPHA
    000000BB 20 05            [12]  205         jr      nz,ftaft_t05
    000000BD 79               [ 4]  206         ld      a,c                     ; symbol to a
    000000BE CD 00 00         [17]  207         call    test_is_alpha
    000000C1 C9               [10]  208         ret
    000000C2                        209 ftaft_t05:
    000000C2 FE 50            [ 7]  210         cp      #T_ASCII7
    000000C4 20 05            [12]  211         jr      nz,ftaft_t06
    000000C6 79               [ 4]  212         ld      a,c                     ; symbol to a
    000000C7 CD 00 00         [17]  213         call    test_is_alphanumeric
    000000CA C9               [10]  214         ret
    000000CB                        215 ftaft_t06:
    000000CB FE 60            [ 7]  216         cp      #T_ZERO
    000000CD 20 04            [12]  217         jr      nz,ftaft_t07
    000000CF 79               [ 4]  218         ld      a,c                     ; symbol to a
    000000D0 FE 00            [ 7]  219         cp      #0
    000000D2 C9               [10]  220         ret
ASxxxx Assembler V02.00 + NoICE + SDCC mods  (Zilog Z80 / Hitachi HD64180 / ZX-Next / eZ80 / R800)                          Page 5
Hexadecimal [32-Bits]



    000000D3                        221 ftaft_t07:
    000000D3 FE 00            [ 7]  222         cp      #T_ELSE                 ; else test?
    000000D5 20 A8            [12]  223         jr      nz,fpaft_set_z          ; set zero flag and ret
                                    224         ;; it is else test, it always succeeds
    000000D7 AF               [ 4]  225         xor     a                       ; set z flag
    000000D8 C9               [10]  226         ret
                                    227         
                                    228         ;; ----- functions ----------------------------------------------------
                                    229         
                                    230         ;; execute function (fn code is in register l)
    000000D9                        231 fpa_execfn:
    000000D9 67               [ 4]  232         ld      h,a                     ; store a
    000000DA 7D               [ 4]  233         ld      a,l
    000000DB FE 00            [ 7]  234         cp      #F_NONE
    000000DD 28 1D            [12]  235         jr      z,fpafn_nofun           ; there is no function!
    000000DF FE 10            [ 7]  236         cp      #F_APPEND_AREA
    000000E1 28 1B            [12]  237         jr      z,fpafn_append_area
    000000E3 FE 20            [ 7]  238         cp      #F_STACK_SYM
    000000E5 28 43            [12]  239         jr      z,fpafn_stack_sym
    000000E7 FE 30            [ 7]  240         cp      #F_SET_DRV
    000000E9 28 53            [12]  241         jr      z,fpafn_set_drv
    000000EB FE 40            [ 7]  242         cp      #F_APPEND_FNAME
    000000ED 28 5B            [12]  243         jr      z,fpafn_append_fname
    000000EF FE 50            [ 7]  244         cp      #F_APPEND_EXT
    000000F1 CA 82 01         [10]  245         jp      z,fpafn_append_ext
                                    246         ;; if we are here, the function is invalid
    000000F4 FD 36 03 02      [19]  247         ld      3(iy),#R_INVALID_FN     ; invalid function error
    000000F8 AF               [ 4]  248         xor     a
    000000F9 FE 01            [ 7]  249         cp      #1                      ; reset z flag
    000000FB C9               [10]  250         ret
                                    251 
                                    252         ;; none
    000000FC                        253 fpafn_nofun:
    000000FC AF               [ 4]  254         xor     a                       ; success!
    000000FD C9               [10]  255         ret
                                    256 
                                    257         ;; append the area
    000000FE                        258 fpafn_append_area:
    000000FE FD 7E 04         [19]  259         ld      a,4(iy)                 ; get current area
    00000101 FE FF            [ 7]  260         cp      #DEFAULT_AREA           ; default?
    00000103 28 16            [12]  261         jr      z,fnaa_default
                                    262         ;; first digit can only 1
    00000105 FE 01            [ 7]  263         cp      #1                      ; test 1?
    00000107 20 1A            [12]  264         jr      nz,fnaa_inv_area        ; invalid area
                                    265         ;; test second digit
    00000109 79               [ 4]  266         ld      a,c                     ; get second area
    0000010A D6 30            [ 7]  267         sub     #'0'                    ; to num
    0000010C C6 0A            [ 7]  268         add     #10                     ; add 10 
    0000010E FD 77 04         [19]  269         ld      4(iy),a                 ; write back to area
    00000111 11 00 0F         [10]  270         ld      de,#0x0f00              ; allowed value is 0-15
    00000114 CD 00 00         [17]  271         call    test_inside_interval
    00000117 20 0A            [12]  272         jr      nz,fnaa_inv_area        ; invalid area
    00000119 18 06            [12]  273         jr      fnaa_done               ; and all done
    0000011B                        274 fnaa_default:
    0000011B 79               [ 4]  275         ld      a,c                     ; get area number
ASxxxx Assembler V02.00 + NoICE + SDCC mods  (Zilog Z80 / Hitachi HD64180 / ZX-Next / eZ80 / R800)                          Page 6
Hexadecimal [32-Bits]



    0000011C D6 30            [ 7]  276         sub     #'0'                    ; to int
    0000011E FD 77 04         [19]  277         ld      4(iy),a                 ; and store
    00000121                        278 fnaa_done:
    00000121 AF               [ 4]  279         xor     a                       ; success
    00000122 C9               [10]  280         ret
    00000123                        281 fnaa_inv_area:
    00000123 FD 36 03 03      [19]  282         ld      3(iy),#R_INVALID_AREA   ; invalid area
    00000127 C3 7F 00         [10]  283         jp      fpaft_set_z             ; set zero flag...
                                    284 
                                    285         ;; stack the symbol
    0000012A                        286 fpafn_stack_sym:
    0000012A FD 7E 05         [19]  287         ld      a,5(iy)                 ; get current symbol
    0000012D FE 00            [ 7]  288         cp      #NO_SYM                 ; no symbol
    0000012F 20 06            [12]  289         jr      nz,fnss_stack_full      ; no space
                                    290         ;; stack it
    00000131 79               [ 4]  291         ld      a,c                     ; get symbol
    00000132 FD 77 05         [19]  292         ld      5(iy),a                 ; stack it!
    00000135 AF               [ 4]  293         xor     a
    00000136 C9               [10]  294         ret
    00000137                        295 fnss_stack_full:
    00000137 FD 36 03 04      [19]  296         ld      3(iy),#R_SSTACK_OF
    0000013B C3 7F 00         [10]  297         jp      fpaft_set_z             ; raise error
                                    298 
                                    299         ;; set drive
    0000013E                        300 fpafn_set_drv:
    0000013E FD 7E 05         [19]  301         ld      a,5(iy)                 ; get stacked symbol
    00000141 FD 36 05 00      [19]  302         ld      5(iy),#0                ; empty stack
    00000145 D9               [ 4]  303         exx
    00000146 12               [ 7]  304         ld      (de),a                  ; first byte of FCB 
    00000147 D9               [ 4]  305         exx
    00000148 AF               [ 4]  306         xor     a
    00000149 C9               [10]  307         ret
                                    308 
                                    309         ;; append to filename
    0000014A                        310 fpafn_append_fname:
    0000014A FD 7E 05         [19]  311         ld      a,5(iy)                 ; is there a stacked sym?
    0000014D FE 00            [ 7]  312         cp      #NO_SYM                 ; no?
    0000014F 28 08            [12]  313         jr      z,fnaf_sym2             ; proceed
    00000151 FD 36 05 00      [19]  314         ld      5(iy),#NO_SYM           ; clear stack
    00000155 CD 62 01         [17]  315         call    fnaf_append_char
    00000158 C0               [11]  316         ret     nz                      ; error causes abort
    00000159                        317 fnaf_sym2:
    00000159 FD 36 03 00      [19]  318         ld      3(iy),#R_SUCCESS        ; we have 1 char
    0000015D 79               [ 4]  319         ld      a,c                     ; get char
    0000015E CD 62 01         [17]  320         call    fnaf_append_char        ; append
    00000161 C9               [10]  321         ret                             ; Z and err code already set
                                    322         ;; append char, test against stacked symbol
                                    323         ;; inputs:
                                    324         ;;  a=char
    00000162                        325 fnaf_append_char:
    00000162 57               [ 4]  326         ld      d,a                     ; store a
    00000163 FD 7E 06         [19]  327         ld      a,6(iy)                 ; get len
    00000166 FE 08            [ 7]  328         cp      #8                      ; overflow
    00000168 28 11            [12]  329         jr      z,fnaf_overflow
    0000016A D9               [ 4]  330         exx
ASxxxx Assembler V02.00 + NoICE + SDCC mods  (Zilog Z80 / Hitachi HD64180 / ZX-Next / eZ80 / R800)                          Page 7
Hexadecimal [32-Bits]



    0000016B C6 01            [ 7]  331         add     #1                      ; skip over drive in FCB
    0000016D 26 00            [ 7]  332         ld      h,#0
    0000016F 6F               [ 4]  333         ld      l,a
    00000170 19               [11]  334         add     hl,de
    00000171 E5               [11]  335         push    hl                      ; fcb addreee 
    00000172 D9               [ 4]  336         exx
    00000173 7A               [ 4]  337         ld      a,d                     ; restore a
    00000174 D1               [10]  338         pop     de                      ; get FCB+len to DE
    00000175 12               [ 7]  339         ld      (de),a                  ; write a to buffer
    00000176 FD 34 06         [23]  340         inc     6(iy)                   ; inc len
                                    341         ;; set z flag...
    00000179 AF               [ 4]  342         xor     a
    0000017A C9               [10]  343         ret
    0000017B                        344 fnaf_overflow:
    0000017B FD 36 03 05      [19]  345         ld      3(iy),#R_FNAME_OF       ; filename too long
    0000017F C3 7F 00         [10]  346         jp      fpaft_set_z             ; set zero flag...
                                    347 
                                    348         ;; append to extension
    00000182                        349 fpafn_append_ext:
    00000182 79               [ 4]  350         ld      a,c                     ; get char
    00000183 CD 87 01         [17]  351         call    fnae_append_char        ; append
    00000186 C9               [10]  352         ret    
    00000187                        353 fnae_append_char:
    00000187 57               [ 4]  354         ld      d,a                     ; store a
    00000188 FD 7E 07         [19]  355         ld      a,7(iy)                 ; get len
    0000018B FE 03            [ 7]  356         cp      #3                       ; overflow
    0000018D 28 11            [12]  357         jr      z,fnae_overflow
    0000018F D9               [ 4]  358         exx
    00000190 C6 09            [ 7]  359         add     #9                      ; skip over drive and fname (1+8)
    00000192 26 00            [ 7]  360         ld      h,#0
    00000194 6F               [ 4]  361         ld      l,a
    00000195 19               [11]  362         add     hl,de
    00000196 E5               [11]  363         push    hl                      ; fcb addreee 
    00000197 D9               [ 4]  364         exx
    00000198 7A               [ 4]  365         ld      a,d                     ; restore a
    00000199 D1               [10]  366         pop     de                      ; get FCB+len to DE
    0000019A 12               [ 7]  367         ld      (de),a                  ; write a to buffer
    0000019B FD 34 07         [23]  368         inc     7(iy)                   ; inc len
                                    369         ;; set z flag...
    0000019E AF               [ 4]  370         xor     a
    0000019F C9               [10]  371         ret
    000001A0                        372 fnae_overflow:
    000001A0 FD 36 03 06      [19]  373         ld      3(iy),#R_EXT_OF         ; filename too long
    000001A4 C3 7F 00         [10]  374         jp      fpaft_set_z             ; set zero flag...
                                    375 
                                    376 
                                    377         ;; ----- automata definition ------------------------------------------
                                    378         ;; each transition is 2 bytes
                                    379         ;; byte 0:
                                    380         ;;  TTTTSSSS    T=test, S=start
                                    381         ;; byte 1:
                                    382         ;;  FFFFEEEE    F=function, E=end
                                    383         ;; example:
                                    384         ;;  00010000, 00000001 (start=0, test=1, function=0, end=1)
    000001A7                        385 fpa_automata:
ASxxxx Assembler V02.00 + NoICE + SDCC mods  (Zilog Z80 / Hitachi HD64180 / ZX-Next / eZ80 / R800)                          Page 8
Hexadecimal [32-Bits]



    000001A7 10 11                  386         .db     S_START + T_DIGIT,      S_AREA + F_APPEND_AREA
    000001A9 40 22                  387         .db     S_START + T_ALPHA,      S_DRIVE + F_STACK_SYM
    000001AB 50 44                  388         .db     S_START + T_ASCII7,     S_FNAME + F_APPEND_FNAME
    000001AD 11 11                  389         .db     S_AREA + T_DIGIT,       S_AREA + F_APPEND_AREA
    000001AF 21 03                  390         .db     S_AREA + T_COLON,       S_FNAME0 + F_NONE
    000001B1 51 22                  391         .db     S_AREA + T_ASCII7,      S_DRIVE + F_STACK_SYM
    000001B3 22 33                  392         .db     S_DRIVE + T_COLON,      S_FNAME0 + F_SET_DRV
    000001B5 52 44                  393         .db     S_DRIVE + T_ASCII7,     S_FNAME + F_APPEND_FNAME
    000001B7 53 44                  394         .db     S_FNAME0 + T_ASCII7,    S_FNAME + F_APPEND_FNAME
    000001B9 54 44                  395         .db     S_FNAME + T_ASCII7,     S_FNAME + F_APPEND_FNAME
    000001BB 64 07                  396         .db     S_FNAME + T_ZERO,       S_END + F_NONE
    000001BD 34 05                  397         .db     S_FNAME + T_DOT,        S_EXT0 + F_NONE
    000001BF 55 56                  398         .db     S_EXT0 + T_ASCII7,      S_EXT + F_APPEND_EXT
    000001C1 56 56                  399         .db     S_EXT + T_ASCII7,       S_EXT + F_APPEND_EXT
    000001C3 66 07                  400         .db     S_EXT + T_ZERO,         S_END + F_NONE
    000001C5                        401 efpa_automata:
