ASxxxx Assembler V02.00 + NoICE + SDCC mods  (Zilog Z80 / Hitachi HD64180 / ZX-Next / eZ80 / R800)                          Page 1
Hexadecimal [32-Bits]



                                      1         ;; shared signed remainder post-processing
                                      2         ;;
                                      3         ;; MIT License (see: LICENSE)
                                      4         ;; copyright (c) 2022 tomaz stih
                                      5 
                                      6         .module get_remainder
                                      7         .optsdcc -mz80 sdcccall(1)
                                      8 
                                      9         .globl  __get_remainder
                                     10         .area   _CODE
                                     11 
    00000000                         12 __get_remainder::
    00000000 17               [ 4]   13         rla
    00000001 EB               [ 4]   14         ex      de, hl
    00000002 D0               [11]   15         ret     nc
    00000003 97               [ 4]   16         sub     a, a
    00000004 95               [ 4]   17         sub     a, l
    00000005 6F               [ 4]   18         ld      l, a
    00000006 9F               [ 4]   19         sbc     a, a
    00000007 94               [ 4]   20         sub     a, h
    00000008 67               [ 4]   21         ld      h, a
    00000009 C9               [10]   22         ret
