ASxxxx Assembler V02.00 + NoICE + SDCC mods  (Zilog Z80 / Hitachi HD64180 / ZX-Next / eZ80 / R800)                          Page 1
Hexadecimal [32-Bits]



                                      1         ;; gexit.s
                                      2         ;; 
                                      3         ;; exit gpx.
                                      4         ;;
                                      5         ;; MIT License (see: LICENSE)
                                      6         ;; copyright (c) 2022 tomaz stih
                                      7         ;;
                                      8         ;; 06.06.2022    tstih
                                      9         .module gexit
                                     10 
                                     11         .globl  _gexit
                                     12 
                                     13         .area    _CODE
                                     14         ;; ------------
                                     15         ;; void gexit()
                                     16         ;; ------------
                                     17         ;; exit graphics mode.
    00000000                         18 _gexit::
                                     19         ;; restoring AVDC cursor is not required.
                                     20         ;; it is done by the CP/M warm reset..
    00000000 C9               [10]   21         ret
