                                      1 ;--------------------------------------------------------
                                      2 ; File Created by SDCC : free open source ISO C Compiler
                                      3 ; Version 4.5.0 #15242 (Linux)
                                      4 ;--------------------------------------------------------
                                      5 	.module gfillrect
                                      6 	
                                      7 	.optsdcc -mz80 sdcccall(1)
                                      8 ;--------------------------------------------------------
                                      9 ; Public variables in this module
                                     10 ;--------------------------------------------------------
                                     11 	.globl _gdrawline
                                     12 	.globl _gfillrect
                                     13 ;--------------------------------------------------------
                                     14 ; special function registers
                                     15 ;--------------------------------------------------------
                                     16 ;--------------------------------------------------------
                                     17 ; ram data
                                     18 ;--------------------------------------------------------
                                     19 	.area _DATA
                                     20 ;--------------------------------------------------------
                                     21 ; ram data
                                     22 ;--------------------------------------------------------
                                     23 	.area _INITIALIZED
                                     24 ;--------------------------------------------------------
                                     25 ; absolute external ram data
                                     26 ;--------------------------------------------------------
                                     27 	.area _DABS (ABS)
                                     28 ;--------------------------------------------------------
                                     29 ; global & static initialisations
                                     30 ;--------------------------------------------------------
                                     31 	.area _HOME
                                     32 	.area _GSINIT
                                     33 	.area _GSFINAL
                                     34 	.area _GSINIT
                                     35 ;--------------------------------------------------------
                                     36 ; Home
                                     37 ;--------------------------------------------------------
                                     38 	.area _HOME
                                     39 	.area _HOME
                                     40 ;--------------------------------------------------------
                                     41 ; code
                                     42 ;--------------------------------------------------------
                                     43 	.area _CODE
                         00000000    44 	G$gfillrect$0$0	= .
                                     45 	.globl	G$gfillrect$0$0
                         00000000    46 	C$gfillrect.c$14$0_0$18	= .
                                     47 	.globl	C$gfillrect.c$14$0_0$18
                                     48 ;/workspace/idp-udev/src/ugpx/gfillrect.c:14: void gfillrect(rect_t *r) {
                                     49 ;	---------------------------------
                                     50 ; Function gfillrect
                                     51 ; ---------------------------------
    00000000                         52 _gfillrect::
    00000000 DD E5            [15]   53 	push	ix
    00000002 DD 21 00 00      [14]   54 	ld	ix,#0
    00000006 DD 39            [15]   55 	add	ix,sp
    00000008 FD 21 F6 FF      [14]   56 	ld	iy, #-10
    0000000C FD 39            [15]   57 	add	iy, sp
    0000000E FD F9            [10]   58 	ld	sp, iy
    00000010 DD 75 FE         [19]   59 	ld	-2 (ix), l
    00000013 DD 74 FF         [19]   60 	ld	-1 (ix), h
                         00000016    61 	C$gfillrect.c$15$1_0$18	= .
                                     62 	.globl	C$gfillrect.c$15$1_0$18
                                     63 ;/workspace/idp-udev/src/ugpx/gfillrect.c:15: if (r->y1 > r->y0)
    00000016 DD 7E FE         [19]   64 	ld	a, -2 (ix)
    00000019 C6 06            [ 7]   65 	add	a, #0x06
    0000001B DD 77 F6         [19]   66 	ld	-10 (ix), a
    0000001E DD 7E FF         [19]   67 	ld	a, -1 (ix)
    00000021 CE 00            [ 7]   68 	adc	a, #0x00
    00000023 DD 77 F7         [19]   69 	ld	-9 (ix), a
    00000026 E1               [10]   70 	pop	hl
    00000027 E5               [11]   71 	push	hl
    00000028 4E               [ 7]   72 	ld	c, (hl)
    00000029 23               [ 6]   73 	inc	hl
    0000002A 46               [ 7]   74 	ld	b, (hl)
    0000002B DD 7E FE         [19]   75 	ld	a, -2 (ix)
    0000002E C6 02            [ 7]   76 	add	a, #0x02
    00000030 DD 77 F8         [19]   77 	ld	-8 (ix), a
    00000033 DD 7E FF         [19]   78 	ld	a, -1 (ix)
    00000036 CE 00            [ 7]   79 	adc	a, #0x00
    00000038 DD 77 F9         [19]   80 	ld	-7 (ix), a
    0000003B D1               [10]   81 	pop	de
    0000003C E1               [10]   82 	pop	hl
    0000003D E5               [11]   83 	push	hl
    0000003E D5               [11]   84 	push	de
    0000003F 7E               [ 7]   85 	ld	a, (hl)
    00000040 DD 77 FA         [19]   86 	ld	-6 (ix), a
    00000043 23               [ 6]   87 	inc	hl
    00000044 7E               [ 7]   88 	ld	a, (hl)
    00000045 DD 77 FB         [19]   89 	ld	-5 (ix), a
                         00000048    90 	C$gfillrect.c$16$1_0$18	= .
                                     91 	.globl	C$gfillrect.c$16$1_0$18
                                     92 ;/workspace/idp-udev/src/ugpx/gfillrect.c:16: for (int y=r->y0; y<=r->y1; y++)
    00000048 DD 7E FE         [19]   93 	ld	a, -2 (ix)
    0000004B C6 04            [ 7]   94 	add	a, #0x04
    0000004D 5F               [ 4]   95 	ld	e, a
    0000004E DD 7E FF         [19]   96 	ld	a, -1 (ix)
    00000051 CE 00            [ 7]   97 	adc	a, #0x00
    00000053 57               [ 4]   98 	ld	d, a
                         00000054    99 	C$gfillrect.c$17$1_0$18	= .
                                    100 	.globl	C$gfillrect.c$17$1_0$18
                                    101 ;/workspace/idp-udev/src/ugpx/gfillrect.c:17: gdrawline(r->x0, y, r->x1, y);
    00000054 DD 7E FE         [19]  102 	ld	a, -2 (ix)
    00000057 DD 77 FC         [19]  103 	ld	-4 (ix), a
    0000005A DD 7E FF         [19]  104 	ld	a, -1 (ix)
    0000005D DD 77 FD         [19]  105 	ld	-3 (ix), a
                         00000060   106 	C$gfillrect.c$15$1_0$18	= .
                                    107 	.globl	C$gfillrect.c$15$1_0$18
                                    108 ;/workspace/idp-udev/src/ugpx/gfillrect.c:15: if (r->y1 > r->y0)
    00000060 DD 7E FA         [19]  109 	ld	a, -6 (ix)
    00000063 91               [ 4]  110 	sub	a, c
    00000064 DD 7E FB         [19]  111 	ld	a, -5 (ix)
    00000067 98               [ 4]  112 	sbc	a, b
    00000068 E2r6Dr00         [10]  113 	jp	PO, 00151$
    0000006B EE 80            [ 7]  114 	xor	a, #0x80
    0000006D                        115 00151$:
    0000006D F2rAAr00         [10]  116 	jp	P, 00104$
                         00000070   117 	C$gfillrect.c$16$2_0$19	= .
                                    118 	.globl	C$gfillrect.c$16$2_0$19
                                    119 ;/workspace/idp-udev/src/ugpx/gfillrect.c:16: for (int y=r->y0; y<=r->y1; y++)
    00000070 DD 4E FA         [19]  120 	ld	c, -6 (ix)
    00000073 DD 46 FB         [19]  121 	ld	b, -5 (ix)
    00000076 D5               [11]  122 	push	de
    00000077 FD E1            [14]  123 	pop	iy
    00000079                        124 00107$:
    00000079 E1               [10]  125 	pop	hl
    0000007A E5               [11]  126 	push	hl
    0000007B 5E               [ 7]  127 	ld	e, (hl)
    0000007C 23               [ 6]  128 	inc	hl
    0000007D 56               [ 7]  129 	ld	d, (hl)
    0000007E 7B               [ 4]  130 	ld	a, e
    0000007F 91               [ 4]  131 	sub	a, c
    00000080 7A               [ 4]  132 	ld	a, d
    00000081 98               [ 4]  133 	sbc	a, b
    00000082 E2r87r00         [10]  134 	jp	PO, 00152$
    00000085 EE 80            [ 7]  135 	xor	a, #0x80
    00000087                        136 00152$:
    00000087 FArE4r00         [10]  137 	jp	M, 00112$
                         0000008A   138 	C$gfillrect.c$17$2_0$19	= .
                                    139 	.globl	C$gfillrect.c$17$2_0$19
                                    140 ;/workspace/idp-udev/src/ugpx/gfillrect.c:17: gdrawline(r->x0, y, r->x1, y);
    0000008A FD 5E 00         [19]  141 	ld	e, 0 (iy)
    0000008D FD 56 01         [19]  142 	ld	d, 1 (iy)
    00000090 DD 6E FC         [19]  143 	ld	l, -4 (ix)
    00000093 DD 66 FD         [19]  144 	ld	h, -3 (ix)
    00000096 7E               [ 7]  145 	ld	a, (hl)
    00000097 23               [ 6]  146 	inc	hl
    00000098 66               [ 7]  147 	ld	h, (hl)
    00000099 6F               [ 4]  148 	ld	l, a
    0000009A C5               [11]  149 	push	bc
    0000009B FD E5            [15]  150 	push	iy
    0000009D C5               [11]  151 	push	bc
    0000009E D5               [11]  152 	push	de
    0000009F 59               [ 4]  153 	ld	e, c
    000000A0 50               [ 4]  154 	ld	d, b
    000000A1 CDr00r00         [17]  155 	call	_gdrawline
    000000A4 FD E1            [14]  156 	pop	iy
    000000A6 C1               [10]  157 	pop	bc
                         000000A7   158 	C$gfillrect.c$16$2_0$19	= .
                                    159 	.globl	C$gfillrect.c$16$2_0$19
                                    160 ;/workspace/idp-udev/src/ugpx/gfillrect.c:16: for (int y=r->y0; y<=r->y1; y++)
    000000A7 03               [ 6]  161 	inc	bc
    000000A8 18 CF            [12]  162 	jr	00107$
    000000AA                        163 00104$:
                         000000AA   164 	C$gfillrect.c$19$2_0$20	= .
                                    165 	.globl	C$gfillrect.c$19$2_0$20
                                    166 ;/workspace/idp-udev/src/ugpx/gfillrect.c:19: for (int y=r->y1; y<r->y0; y++)
    000000AA DD 73 FA         [19]  167 	ld	-6 (ix), e
    000000AD DD 72 FB         [19]  168 	ld	-5 (ix), d
    000000B0                        169 00110$:
    000000B0 DD 6E F8         [19]  170 	ld	l, -8 (ix)
    000000B3 DD 66 F9         [19]  171 	ld	h, -7 (ix)
    000000B6 5E               [ 7]  172 	ld	e, (hl)
    000000B7 23               [ 6]  173 	inc	hl
    000000B8 56               [ 7]  174 	ld	d, (hl)
    000000B9 79               [ 4]  175 	ld	a, c
    000000BA 93               [ 4]  176 	sub	a, e
    000000BB 78               [ 4]  177 	ld	a, b
    000000BC 9A               [ 4]  178 	sbc	a, d
    000000BD E2rC2r00         [10]  179 	jp	PO, 00153$
    000000C0 EE 80            [ 7]  180 	xor	a, #0x80
    000000C2                        181 00153$:
    000000C2 F2rE4r00         [10]  182 	jp	P, 00112$
                         000000C5   183 	C$gfillrect.c$20$2_0$20	= .
                                    184 	.globl	C$gfillrect.c$20$2_0$20
                                    185 ;/workspace/idp-udev/src/ugpx/gfillrect.c:20: gdrawline(r->x0, y, r->x1, y);
    000000C5 DD 6E FA         [19]  186 	ld	l, -6 (ix)
    000000C8 DD 66 FB         [19]  187 	ld	h, -5 (ix)
    000000CB 5E               [ 7]  188 	ld	e, (hl)
    000000CC 23               [ 6]  189 	inc	hl
    000000CD 56               [ 7]  190 	ld	d, (hl)
    000000CE DD 6E FC         [19]  191 	ld	l, -4 (ix)
    000000D1 DD 66 FD         [19]  192 	ld	h, -3 (ix)
    000000D4 7E               [ 7]  193 	ld	a, (hl)
    000000D5 23               [ 6]  194 	inc	hl
    000000D6 66               [ 7]  195 	ld	h, (hl)
    000000D7 6F               [ 4]  196 	ld	l, a
    000000D8 C5               [11]  197 	push	bc
    000000D9 C5               [11]  198 	push	bc
    000000DA D5               [11]  199 	push	de
    000000DB 59               [ 4]  200 	ld	e, c
    000000DC 50               [ 4]  201 	ld	d, b
    000000DD CDr00r00         [17]  202 	call	_gdrawline
    000000E0 C1               [10]  203 	pop	bc
                         000000E1   204 	C$gfillrect.c$19$2_0$20	= .
                                    205 	.globl	C$gfillrect.c$19$2_0$20
                                    206 ;/workspace/idp-udev/src/ugpx/gfillrect.c:19: for (int y=r->y1; y<r->y0; y++)
    000000E1 03               [ 6]  207 	inc	bc
    000000E2 18 CC            [12]  208 	jr	00110$
    000000E4                        209 00112$:
                         000000E4   210 	C$gfillrect.c$21$1_0$18	= .
                                    211 	.globl	C$gfillrect.c$21$1_0$18
                                    212 ;/workspace/idp-udev/src/ugpx/gfillrect.c:21: }
    000000E4 DD F9            [10]  213 	ld	sp, ix
    000000E6 DD E1            [14]  214 	pop	ix
                         000000E8   215 	C$gfillrect.c$21$1_0$18	= .
                                    216 	.globl	C$gfillrect.c$21$1_0$18
                         000000E8   217 	XG$gfillrect$0$0	= .
                                    218 	.globl	XG$gfillrect$0$0
    000000E8 C9               [10]  219 	ret
                                    220 	.area _CODE
                                    221 	.area _INITIALIZER
                                    222 	.area _CABS (ABS)
