                                      1 ;--------------------------------------------------------
                                      2 ; File Created by SDCC : free open source ISO C Compiler
                                      3 ; Version 4.5.0 #15242 (Linux)
                                      4 ;--------------------------------------------------------
                                      5 	.module gmegpy
                                      6 	
                                      7 	.optsdcc -mz80 sdcccall(1)
                                      8 ;--------------------------------------------------------
                                      9 ; Public variables in this module
                                     10 ;--------------------------------------------------------
                                     11 	.globl _gmegpy
                                     12 ;--------------------------------------------------------
                                     13 ; special function registers
                                     14 ;--------------------------------------------------------
                                     15 ;--------------------------------------------------------
                                     16 ; ram data
                                     17 ;--------------------------------------------------------
                                     18 	.area _DATA
                                     19 ;--------------------------------------------------------
                                     20 ; ram data
                                     21 ;--------------------------------------------------------
                                     22 	.area _INITIALIZED
                                     23 ;--------------------------------------------------------
                                     24 ; absolute external ram data
                                     25 ;--------------------------------------------------------
                                     26 	.area _DABS (ABS)
                                     27 ;--------------------------------------------------------
                                     28 ; global & static initialisations
                                     29 ;--------------------------------------------------------
                                     30 	.area _HOME
                                     31 	.area _GSINIT
                                     32 	.area _GSFINAL
                                     33 	.area _GSINIT
                                     34 ;--------------------------------------------------------
                                     35 ; Home
                                     36 ;--------------------------------------------------------
                                     37 	.area _HOME
                                     38 	.area _HOME
                                     39 ;--------------------------------------------------------
                                     40 ; code
                                     41 ;--------------------------------------------------------
                                     42 	.area _CODE
                         00000000    43 	G$gmegpy$0$0	= .
                                     44 	.globl	G$gmegpy$0$0
                         00000000    45 	C$gmegpy.c$15$0_0$18	= .
                                     46 	.globl	C$gmegpy.c$15$0_0$18
                                     47 ;/workspace/idp-udev/src/ugpx/gmegpy.c:15: void gmegpy(void *glyph, dim_t *dim) {   
                                     48 ;	---------------------------------
                                     49 ; Function gmegpy
                                     50 ; ---------------------------------
    00000000                         51 _gmegpy::
                         00000000    52 	C$gmegpy.c$16$1_0$18	= .
                                     53 	.globl	C$gmegpy.c$16$1_0$18
                                     54 ;/workspace/idp-udev/src/ugpx/gmegpy.c:16: uint8_t *g8=(uint8_t *)glyph;
                         00000000    55 	C$gmegpy.c$17$1_0$18	= .
                                     56 	.globl	C$gmegpy.c$17$1_0$18
                                     57 ;/workspace/idp-udev/src/ugpx/gmegpy.c:17: g8++; dim->w=(*g8)+1; g8++; dim->h=(*g8)+1; 
    00000000 23               [ 6]   58 	inc	hl
    00000001 E5               [11]   59 	push	hl
    00000002 FD E1            [14]   60 	pop	iy
    00000004 6B               [ 4]   61 	ld	l, e
    00000005 62               [ 4]   62 	ld	h, d
    00000006 FD 4E 00         [19]   63 	ld	c, 0 (iy)
    00000009 06 00            [ 7]   64 	ld	b, #0x00
    0000000B 03               [ 6]   65 	inc	bc
    0000000C 71               [ 7]   66 	ld	(hl), c
    0000000D 23               [ 6]   67 	inc	hl
    0000000E 70               [ 7]   68 	ld	(hl), b
    0000000F 13               [ 6]   69 	inc	de
    00000010 13               [ 6]   70 	inc	de
    00000011 FD 4E 01         [19]   71 	ld	c, 1 (iy)
    00000014 06 00            [ 7]   72 	ld	b, #0x00
    00000016 03               [ 6]   73 	inc	bc
    00000017 79               [ 4]   74 	ld	a, c
    00000018 12               [ 7]   75 	ld	(de), a
    00000019 13               [ 6]   76 	inc	de
    0000001A 78               [ 4]   77 	ld	a, b
    0000001B 12               [ 7]   78 	ld	(de), a
                         0000001C    79 	C$gmegpy.c$18$1_0$18	= .
                                     80 	.globl	C$gmegpy.c$18$1_0$18
                                     81 ;/workspace/idp-udev/src/ugpx/gmegpy.c:18: }
                         0000001C    82 	C$gmegpy.c$18$1_0$18	= .
                                     83 	.globl	C$gmegpy.c$18$1_0$18
                         0000001C    84 	XG$gmegpy$0$0	= .
                                     85 	.globl	XG$gmegpy$0$0
    0000001C C9               [10]   86 	ret
                                     87 	.area _CODE
                                     88 	.area _INITIALIZER
                                     89 	.area _CABS (ABS)
