                                      1 ;--------------------------------------------------------
                                      2 ; File Created by SDCC : free open source ISO C Compiler
                                      3 ; Version 4.5.0 #15242 (Linux)
                                      4 ;--------------------------------------------------------
                                      5 	.module gmetext
                                      6 	
                                      7 	.optsdcc -mz80 sdcccall(1)
                                      8 ;--------------------------------------------------------
                                      9 ; Public variables in this module
                                     10 ;--------------------------------------------------------
                                     11 	.globl _gmetext
                                     12 ;--------------------------------------------------------
                                     13 ; special function registers
                                     14 ;--------------------------------------------------------
                                     15 ;--------------------------------------------------------
                                     16 ; ram data
                                     17 ;--------------------------------------------------------
                                     18 	.area _DATA
                                     19 ;--------------------------------------------------------
                                     20 ; ram data
                                     21 ;--------------------------------------------------------
                                     22 	.area _INITIALIZED
                                     23 ;--------------------------------------------------------
                                     24 ; absolute external ram data
                                     25 ;--------------------------------------------------------
                                     26 	.area _DABS (ABS)
                                     27 ;--------------------------------------------------------
                                     28 ; global & static initialisations
                                     29 ;--------------------------------------------------------
                                     30 	.area _HOME
                                     31 	.area _GSINIT
                                     32 	.area _GSFINAL
                                     33 	.area _GSINIT
                                     34 ;--------------------------------------------------------
                                     35 ; Home
                                     36 ;--------------------------------------------------------
                                     37 	.area _HOME
                                     38 	.area _HOME
                                     39 ;--------------------------------------------------------
                                     40 ; code
                                     41 ;--------------------------------------------------------
                                     42 	.area _CODE
                         00000000    43 	G$gmetext$0$0	= .
                                     44 	.globl	G$gmetext$0$0
                         00000000    45 	C$gmetext.c$22$0_0$18	= .
                                     46 	.globl	C$gmetext.c$22$0_0$18
                                     47 ;/workspace/idp-udev/src/ugpx/gmetext.c:22: void gmetext(void *font, char *text, dim_t *dim) {   
                                     48 ;	---------------------------------
                                     49 ; Function gmetext
                                     50 ; ---------------------------------
    00000000                         51 _gmetext::
    00000000 DD E5            [15]   52 	push	ix
    00000002 DD 21 00 00      [14]   53 	ld	ix,#0
    00000006 DD 39            [15]   54 	add	ix,sp
    00000008 FD 21 F6 FF      [14]   55 	ld	iy, #-10
    0000000C FD 39            [15]   56 	add	iy, sp
    0000000E FD F9            [10]   57 	ld	sp, iy
    00000010 DD 73 FE         [19]   58 	ld	-2 (ix), e
    00000013 DD 72 FF         [19]   59 	ld	-1 (ix), d
                         00000016    60 	C$gmetext.c$23$1_0$18	= .
                                     61 	.globl	C$gmetext.c$23$1_0$18
                                     62 ;/workspace/idp-udev/src/ugpx/gmetext.c:23: uint8_t *f8=(uint8_t *)font, *g8;
    00000016 EB               [ 4]   63 	ex	de, hl
                         00000017    64 	C$gmetext.c$24$1_0$18	= .
                                     65 	.globl	C$gmetext.c$24$1_0$18
                                     66 ;/workspace/idp-udev/src/ugpx/gmetext.c:24: uint8_t hsh=*(f8)&0x0f;
    00000017 1A               [ 7]   67 	ld	a, (de)
    00000018 E6 0F            [ 7]   68 	and	a, #0x0f
    0000001A DD 77 F6         [19]   69 	ld	-10 (ix), a
                         0000001D    70 	C$gmetext.c$25$1_0$18	= .
                                     71 	.globl	C$gmetext.c$25$1_0$18
                                     72 ;/workspace/idp-udev/src/ugpx/gmetext.c:25: uint8_t first_ascii=f8[FONT_1STASCII_NDX];
    0000001D 6B               [ 4]   73 	ld	l, e
    0000001E 62               [ 4]   74 	ld	h, d
    0000001F 23               [ 6]   75 	inc	hl
    00000020 23               [ 6]   76 	inc	hl
    00000021 23               [ 6]   77 	inc	hl
    00000022 7E               [ 7]   78 	ld	a, (hl)
    00000023 DD 77 F7         [19]   79 	ld	-9 (ix), a
                         00000026    80 	C$gmetext.c$26$1_0$18	= .
                                     81 	.globl	C$gmetext.c$26$1_0$18
                                     82 ;/workspace/idp-udev/src/ugpx/gmetext.c:26: dim->h=f8[FONT_HEIGHT_NDX] + 1; /* store height */
    00000026 DD 4E 04         [19]   83 	ld	c, 4 (ix)
    00000029 DD 46 05         [19]   84 	ld	b, 5 (ix)
    0000002C 03               [ 6]   85 	inc	bc
    0000002D 03               [ 6]   86 	inc	bc
    0000002E 6B               [ 4]   87 	ld	l, e
    0000002F 62               [ 4]   88 	ld	h, d
    00000030 23               [ 6]   89 	inc	hl
    00000031 23               [ 6]   90 	inc	hl
    00000032 6E               [ 7]   91 	ld	l, (hl)
    00000033 26 00            [ 7]   92 	ld	h, #0x00
    00000035 23               [ 6]   93 	inc	hl
    00000036 7D               [ 4]   94 	ld	a, l
    00000037 02               [ 7]   95 	ld	(bc), a
    00000038 03               [ 6]   96 	inc	bc
    00000039 7C               [ 4]   97 	ld	a, h
    0000003A 02               [ 7]   98 	ld	(bc), a
                         0000003B    99 	C$gmetext.c$27$1_0$18	= .
                                    100 	.globl	C$gmetext.c$27$1_0$18
                                    101 ;/workspace/idp-udev/src/ugpx/gmetext.c:27: dim->w=0;
    0000003B DD 7E 04         [19]  102 	ld	a, 4 (ix)
    0000003E DD 77 F8         [19]  103 	ld	-8 (ix), a
    00000041 DD 7E 05         [19]  104 	ld	a, 5 (ix)
    00000044 DD 77 F9         [19]  105 	ld	-7 (ix), a
    00000047 DD 6E F8         [19]  106 	ld	l, -8 (ix)
    0000004A DD 66 F9         [19]  107 	ld	h, -7 (ix)
    0000004D AF               [ 4]  108 	xor	a, a
    0000004E 77               [ 7]  109 	ld	(hl), a
    0000004F 23               [ 6]  110 	inc	hl
    00000050 77               [ 7]  111 	ld	(hl), a
                         00000051   112 	C$gmetext.c$29$1_1$19	= .
                                    113 	.globl	C$gmetext.c$29$1_1$19
                                    114 ;/workspace/idp-udev/src/ugpx/gmetext.c:29: uint16_t *offstbl=(uint16_t *)(f8+FONT_OFFSET_TBL);
    00000051 21 05 00         [10]  115 	ld	hl, #0x0005
    00000054 19               [11]  116 	add	hl, de
    00000055 DD 75 FA         [19]  117 	ld	-6 (ix), l
    00000058 DD 74 FB         [19]  118 	ld	-5 (ix), h
                         0000005B   119 	C$gmetext.c$30$1_1$19	= .
                                    120 	.globl	C$gmetext.c$30$1_1$19
                                    121 ;/workspace/idp-udev/src/ugpx/gmetext.c:30: while(*text) {
    0000005B                        122 00101$:
    0000005B DD 6E FE         [19]  123 	ld	l, -2 (ix)
    0000005E DD 66 FF         [19]  124 	ld	h, -1 (ix)
    00000061 7E               [ 7]  125 	ld	a, (hl)
    00000062 B7               [ 4]  126 	or	a, a
    00000063 28 4E            [12]  127 	jr	Z, 00104$
                         00000065   128 	C$gmetext.c$31$2_1$20	= .
                                    129 	.globl	C$gmetext.c$31$2_1$20
                                    130 ;/workspace/idp-udev/src/ugpx/gmetext.c:31: g8 = f8 + (offstbl[(*text)-first_ascii]);
    00000065 6F               [ 4]  131 	ld	l, a
    00000066 26 00            [ 7]  132 	ld	h, #0x00
    00000068 DD 4E F7         [19]  133 	ld	c, -9 (ix)
    0000006B 06 00            [ 7]  134 	ld	b, #0x00
    0000006D BF               [ 4]  135 	cp	a, a
    0000006E ED 42            [15]  136 	sbc	hl, bc
    00000070 29               [11]  137 	add	hl, hl
    00000071 DD 4E FA         [19]  138 	ld	c, -6 (ix)
    00000074 DD 46 FB         [19]  139 	ld	b, -5 (ix)
    00000077 09               [11]  140 	add	hl, bc
    00000078 7E               [ 7]  141 	ld	a, (hl)
    00000079 23               [ 6]  142 	inc	hl
    0000007A 66               [ 7]  143 	ld	h, (hl)
    0000007B 6F               [ 4]  144 	ld	l, a
    0000007C 19               [11]  145 	add	hl, de
    0000007D DD 75 FC         [19]  146 	ld	-4 (ix), l
    00000080 DD 74 FD         [19]  147 	ld	-3 (ix), h
                         00000083   148 	C$gmetext.c$32$2_1$20	= .
                                    149 	.globl	C$gmetext.c$32$2_1$20
                                    150 ;/workspace/idp-udev/src/ugpx/gmetext.c:32: dim->w = dim->w + (g8[GPY_WIDTH_OFFSET] + 1) + hsh;
    00000083 DD 6E F8         [19]  151 	ld	l, -8 (ix)
    00000086 DD 66 F9         [19]  152 	ld	h, -7 (ix)
    00000089 4E               [ 7]  153 	ld	c, (hl)
    0000008A 23               [ 6]  154 	inc	hl
    0000008B 46               [ 7]  155 	ld	b, (hl)
    0000008C DD 6E FC         [19]  156 	ld	l, -4 (ix)
    0000008F DD 66 FD         [19]  157 	ld	h, -3 (ix)
    00000092 23               [ 6]  158 	inc	hl
    00000093 6E               [ 7]  159 	ld	l, (hl)
    00000094 26 00            [ 7]  160 	ld	h, #0x00
    00000096 23               [ 6]  161 	inc	hl
    00000097 09               [11]  162 	add	hl, bc
    00000098 DD 4E F6         [19]  163 	ld	c, -10 (ix)
    0000009B 06 00            [ 7]  164 	ld	b, #0x00
    0000009D 09               [11]  165 	add	hl, bc
    0000009E 4D               [ 4]  166 	ld	c, l
    0000009F 44               [ 4]  167 	ld	b, h
    000000A0 DD 6E F8         [19]  168 	ld	l, -8 (ix)
    000000A3 DD 66 F9         [19]  169 	ld	h, -7 (ix)
    000000A6 71               [ 7]  170 	ld	(hl), c
    000000A7 23               [ 6]  171 	inc	hl
    000000A8 70               [ 7]  172 	ld	(hl), b
                         000000A9   173 	C$gmetext.c$33$2_1$20	= .
                                    174 	.globl	C$gmetext.c$33$2_1$20
                                    175 ;/workspace/idp-udev/src/ugpx/gmetext.c:33: text++;
    000000A9 DD 34 FE         [23]  176 	inc	-2 (ix)
    000000AC 20 AD            [12]  177 	jr	NZ, 00101$
    000000AE DD 34 FF         [23]  178 	inc	-1 (ix)
    000000B1 18 A8            [12]  179 	jr	00101$
    000000B3                        180 00104$:
                         000000B3   181 	C$gmetext.c$35$1_1$18	= .
                                    182 	.globl	C$gmetext.c$35$1_1$18
                                    183 ;/workspace/idp-udev/src/ugpx/gmetext.c:35: }
    000000B3 DD F9            [10]  184 	ld	sp, ix
    000000B5 DD E1            [14]  185 	pop	ix
    000000B7 E1               [10]  186 	pop	hl
    000000B8 F1               [10]  187 	pop	af
    000000B9 E9               [ 4]  188 	jp	(hl)
                                    189 	.area _CODE
                                    190 	.area _INITIALIZER
                                    191 	.area _CABS (ABS)
