                                      1 ;--------------------------------------------------------
                                      2 ; File Created by SDCC : free open source ISO C Compiler
                                      3 ; Version 4.5.0 #15242 (Linux)
                                      4 ;--------------------------------------------------------
                                      5 	.module list
                                      6 	
                                      7 	.optsdcc -mz80 sdcccall(1)
                                      8 ;--------------------------------------------------------
                                      9 ; Public variables in this module
                                     10 ;--------------------------------------------------------
                                     11 	.globl __list_match_eq
                                     12 	.globl __list_find
                                     13 	.globl __list_insert
                                     14 	.globl __list_append
                                     15 	.globl __list_remove
                                     16 	.globl __list_remove_first
                                     17 ;--------------------------------------------------------
                                     18 ; special function registers
                                     19 ;--------------------------------------------------------
                                     20 ;--------------------------------------------------------
                                     21 ; ram data
                                     22 ;--------------------------------------------------------
                                     23 	.area _DATA
                                     24 ;--------------------------------------------------------
                                     25 ; ram data
                                     26 ;--------------------------------------------------------
                                     27 	.area _INITIALIZED
                                     28 ;--------------------------------------------------------
                                     29 ; absolute external ram data
                                     30 ;--------------------------------------------------------
                                     31 	.area _DABS (ABS)
                                     32 ;--------------------------------------------------------
                                     33 ; global & static initialisations
                                     34 ;--------------------------------------------------------
                                     35 	.area _HOME
                                     36 	.area _GSINIT
                                     37 	.area _GSFINAL
                                     38 	.area _GSINIT
                                     39 ;--------------------------------------------------------
                                     40 ; Home
                                     41 ;--------------------------------------------------------
                                     42 	.area _HOME
                                     43 	.area _HOME
                                     44 ;--------------------------------------------------------
                                     45 ; code
                                     46 ;--------------------------------------------------------
                                     47 	.area _CODE
                         00000000    48 	G$_list_match_eq$0$0	= .
                                     49 	.globl	G$_list_match_eq$0$0
                         00000000    50 	C$list.c$14$0_0$9	= .
                                     51 	.globl	C$list.c$14$0_0$9
                                     52 ;/workspace/idp-udev/src/ulibc/list.c:14: unsigned char _list_match_eq(list_header_t *p, unsigned int arg) {
                                     53 ;	---------------------------------
                                     54 ; Function _list_match_eq
                                     55 ; ---------------------------------
    00000000                         56 __list_match_eq::
                         00000000    57 	C$list.c$15$1_0$9	= .
                                     58 	.globl	C$list.c$15$1_0$9
                                     59 ;/workspace/idp-udev/src/ulibc/list.c:15: return ( ((unsigned int)p) == arg );
    00000000 BF               [ 4]   60 	cp	a, a
    00000001 ED 52            [15]   61 	sbc	hl, de
    00000003 3E 01            [ 7]   62 	ld	a, #0x01
    00000005 C8               [11]   63 	ret	Z
    00000006 AF               [ 4]   64 	xor	a, a
                         00000007    65 	C$list.c$16$1_0$9	= .
                                     66 	.globl	C$list.c$16$1_0$9
                                     67 ;/workspace/idp-udev/src/ulibc/list.c:16: }
                         00000007    68 	C$list.c$16$1_0$9	= .
                                     69 	.globl	C$list.c$16$1_0$9
                         00000007    70 	XG$_list_match_eq$0$0	= .
                                     71 	.globl	XG$_list_match_eq$0$0
    00000007 C9               [10]   72 	ret
                         00000008    73 	G$_list_find$0$0	= .
                                     74 	.globl	G$_list_find$0$0
                         00000008    75 	C$list.c$18$1_0$12	= .
                                     76 	.globl	C$list.c$18$1_0$12
                                     77 ;/workspace/idp-udev/src/ulibc/list.c:18: list_header_t* _list_find(
                                     78 ;	---------------------------------
                                     79 ; Function _list_find
                                     80 ; ---------------------------------
    00000008                         81 __list_find::
    00000008 DD E5            [15]   82 	push	ix
    0000000A DD 21 00 00      [14]   83 	ld	ix,#0
    0000000E DD 39            [15]   84 	add	ix,sp
    00000010 F5               [11]   85 	push	af
    00000011 4D               [ 4]   86 	ld	c, l
    00000012 44               [ 4]   87 	ld	b, h
    00000013 33               [ 6]   88 	inc	sp
    00000014 33               [ 6]   89 	inc	sp
                         00000015    90 	C$list.c$25$1_0$12	= .
                                     91 	.globl	C$list.c$25$1_0$12
                                     92 ;/workspace/idp-udev/src/ulibc/list.c:25: *prev=NULL;
    00000015 EB               [ 4]   93 	ex	de,hl
    00000016 E5               [11]   94 	push	hl
    00000017 AF               [ 4]   95 	xor	a, a
    00000018 77               [ 7]   96 	ld	(hl), a
    00000019 23               [ 6]   97 	inc	hl
    0000001A 77               [ 7]   98 	ld	(hl), a
                         0000001B    99 	C$list.c$26$1_0$12	= .
                                    100 	.globl	C$list.c$26$1_0$12
                                    101 ;/workspace/idp-udev/src/ulibc/list.c:26: while (first && !match(first,the_arg)) {
    0000001B                        102 00102$:
    0000001B 78               [ 4]  103 	ld	a, b
    0000001C B1               [ 4]  104 	or	a, c
    0000001D 28 2A            [12]  105 	jr	Z, 00104$
    0000001F C5               [11]  106 	push	bc
    00000020 DD 5E 06         [19]  107 	ld	e, 6 (ix)
    00000023 DD 56 07         [19]  108 	ld	d, 7 (ix)
    00000026 69               [ 4]  109 	ld	l, c
    00000027 60               [ 4]  110 	ld	h, b
    00000028 FD E5            [15]  111 	push	iy
    0000002A E3               [19]  112 	ex	(sp), hl
    0000002B DD 6E 04         [19]  113 	ld	l, 4 (ix)
    0000002E E3               [19]  114 	ex	(sp), hl
    0000002F E3               [19]  115 	ex	(sp), hl
    00000030 DD 66 05         [19]  116 	ld	h, 5 (ix)
    00000033 E3               [19]  117 	ex	(sp), hl
    00000034 FD E1            [14]  118 	pop	iy
    00000036 CDr00r00         [17]  119 	call	___sdcc_call_iy
    00000039 C1               [10]  120 	pop	bc
    0000003A B7               [ 4]  121 	or	a, a
    0000003B 20 0C            [12]  122 	jr	NZ, 00104$
                         0000003D   123 	C$list.c$27$2_0$13	= .
                                    124 	.globl	C$list.c$27$2_0$13
                                    125 ;/workspace/idp-udev/src/ulibc/list.c:27: *prev=first;
    0000003D E1               [10]  126 	pop	hl
    0000003E E5               [11]  127 	push	hl
    0000003F 71               [ 7]  128 	ld	(hl), c
    00000040 23               [ 6]  129 	inc	hl
    00000041 70               [ 7]  130 	ld	(hl), b
                         00000042   131 	C$list.c$28$2_0$13	= .
                                    132 	.globl	C$list.c$28$2_0$13
                                    133 ;/workspace/idp-udev/src/ulibc/list.c:28: first=first->next;
    00000042 69               [ 4]  134 	ld	l, c
    00000043 60               [ 4]  135 	ld	h, b
    00000044 4E               [ 7]  136 	ld	c, (hl)
    00000045 23               [ 6]  137 	inc	hl
    00000046 46               [ 7]  138 	ld	b, (hl)
    00000047 18 D2            [12]  139 	jr	00102$
    00000049                        140 00104$:
                         00000049   141 	C$list.c$31$1_0$12	= .
                                    142 	.globl	C$list.c$31$1_0$12
                                    143 ;/workspace/idp-udev/src/ulibc/list.c:31: return first; 
    00000049 59               [ 4]  144 	ld	e, c
    0000004A 50               [ 4]  145 	ld	d, b
                         0000004B   146 	C$list.c$32$1_0$12	= .
                                    147 	.globl	C$list.c$32$1_0$12
                                    148 ;/workspace/idp-udev/src/ulibc/list.c:32: }
    0000004B DD F9            [10]  149 	ld	sp, ix
    0000004D DD E1            [14]  150 	pop	ix
    0000004F E1               [10]  151 	pop	hl
    00000050 F1               [10]  152 	pop	af
    00000051 F1               [10]  153 	pop	af
    00000052 E9               [ 4]  154 	jp	(hl)
                         00000053   155 	G$_list_insert$0$0	= .
                                    156 	.globl	G$_list_insert$0$0
                         00000053   157 	C$list.c$34$1_0$15	= .
                                    158 	.globl	C$list.c$34$1_0$15
                                    159 ;/workspace/idp-udev/src/ulibc/list.c:34: list_header_t *_list_insert(list_header_t** first, list_header_t *el) {
                                    160 ;	---------------------------------
                                    161 ; Function _list_insert
                                    162 ; ---------------------------------
    00000053                        163 __list_insert::
    00000053 DD E5            [15]  164 	push	ix
    00000055 DD 21 00 00      [14]  165 	ld	ix,#0
    00000059 DD 39            [15]  166 	add	ix,sp
                         0000005B   167 	C$list.c$35$1_0$15	= .
                                    168 	.globl	C$list.c$35$1_0$15
                                    169 ;/workspace/idp-udev/src/ulibc/list.c:35: el->next=*first;
    0000005B D5               [11]  170 	push	de
    0000005C 4E               [ 7]  171 	ld	c, (hl)
    0000005D 23               [ 6]  172 	inc	hl
    0000005E 46               [ 7]  173 	ld	b, (hl)
    0000005F 2B               [ 6]  174 	dec	hl
    00000060 E5               [11]  175 	push	hl
    00000061 DD 6E FE         [19]  176 	ld	l, -2 (ix)
    00000064 DD 66 FF         [19]  177 	ld	h, -1 (ix)
    00000067 71               [ 7]  178 	ld	(hl), c
    00000068 23               [ 6]  179 	inc	hl
    00000069 70               [ 7]  180 	ld	(hl), b
    0000006A E1               [10]  181 	pop	hl
                         0000006B   182 	C$list.c$36$1_0$15	= .
                                    183 	.globl	C$list.c$36$1_0$15
                                    184 ;/workspace/idp-udev/src/ulibc/list.c:36: *first=el;
    0000006B 73               [ 7]  185 	ld	(hl), e
    0000006C 23               [ 6]  186 	inc	hl
    0000006D 72               [ 7]  187 	ld	(hl), d
                         0000006E   188 	C$list.c$37$1_0$15	= .
                                    189 	.globl	C$list.c$37$1_0$15
                                    190 ;/workspace/idp-udev/src/ulibc/list.c:37: return el;
                         0000006E   191 	C$list.c$38$1_0$15	= .
                                    192 	.globl	C$list.c$38$1_0$15
                                    193 ;/workspace/idp-udev/src/ulibc/list.c:38: }
    0000006E DD F9            [10]  194 	ld	sp, ix
    00000070 DD E1            [14]  195 	pop	ix
                         00000072   196 	C$list.c$38$1_0$15	= .
                                    197 	.globl	C$list.c$38$1_0$15
                         00000072   198 	XG$_list_insert$0$0	= .
                                    199 	.globl	XG$_list_insert$0$0
    00000072 C9               [10]  200 	ret
                         00000073   201 	G$_list_append$0$0	= .
                                    202 	.globl	G$_list_append$0$0
                         00000073   203 	C$list.c$40$1_0$17	= .
                                    204 	.globl	C$list.c$40$1_0$17
                                    205 ;/workspace/idp-udev/src/ulibc/list.c:40: list_header_t *_list_append(list_header_t** first, list_header_t *el) {
                                    206 ;	---------------------------------
                                    207 ; Function _list_append
                                    208 ; ---------------------------------
    00000073                        209 __list_append::
    00000073 DD E5            [15]  210 	push	ix
    00000075 DD 21 00 00      [14]  211 	ld	ix,#0
    00000079 DD 39            [15]  212 	add	ix,sp
    0000007B F5               [11]  213 	push	af
    0000007C 4D               [ 4]  214 	ld	c, l
    0000007D 44               [ 4]  215 	ld	b, h
                         0000007E   216 	C$list.c$44$1_0$17	= .
                                    217 	.globl	C$list.c$44$1_0$17
                                    218 ;/workspace/idp-udev/src/ulibc/list.c:44: el->next=NULL;		/* it's always the last element */
    0000007E 6B               [ 4]  219 	ld	l, e
    0000007F 62               [ 4]  220 	ld	h, d
    00000080 AF               [ 4]  221 	xor	a, a
    00000081 77               [ 7]  222 	ld	(hl), a
    00000082 23               [ 6]  223 	inc	hl
    00000083 77               [ 7]  224 	ld	(hl), a
                         00000084   225 	C$list.c$46$1_0$17	= .
                                    226 	.globl	C$list.c$46$1_0$17
                                    227 ;/workspace/idp-udev/src/ulibc/list.c:46: if (*first==NULL)	/* empty list? */
    00000084 0A               [ 7]  228 	ld	a, (bc)
    00000085 DD 77 FE         [19]  229 	ld	-2 (ix), a
    00000088 03               [ 6]  230 	inc	bc
    00000089 0A               [ 7]  231 	ld	a, (bc)
    0000008A DD 77 FF         [19]  232 	ld	-1 (ix), a
    0000008D 0B               [ 6]  233 	dec	bc
    0000008E DD 7E FF         [19]  234 	ld	a, -1 (ix)
    00000091 DD B6 FE         [19]  235 	or	a, -2 (ix)
    00000094 20 07            [12]  236 	jr	NZ, 00105$
                         00000096   237 	C$list.c$47$1_0$17	= .
                                    238 	.globl	C$list.c$47$1_0$17
                                    239 ;/workspace/idp-udev/src/ulibc/list.c:47: *first=el;
    00000096 7B               [ 4]  240 	ld	a, e
    00000097 02               [ 7]  241 	ld	(bc), a
    00000098 03               [ 6]  242 	inc	bc
    00000099 7A               [ 4]  243 	ld	a, d
    0000009A 02               [ 7]  244 	ld	(bc), a
    0000009B 18 15            [12]  245 	jr	00106$
    0000009D                        246 00105$:
                         0000009D   247 	C$list.c$49$2_0$18	= .
                                    248 	.globl	C$list.c$49$2_0$18
                                    249 ;/workspace/idp-udev/src/ulibc/list.c:49: current=*first;
    0000009D C1               [10]  250 	pop	bc
    0000009E C5               [11]  251 	push	bc
                         0000009F   252 	C$list.c$50$2_0$18	= .
                                    253 	.globl	C$list.c$50$2_0$18
                                    254 ;/workspace/idp-udev/src/ulibc/list.c:50: while (current->next) current=current->next;
    0000009F                        255 00101$:
    0000009F 33               [ 6]  256 	inc	sp
    000000A0 33               [ 6]  257 	inc	sp
    000000A1 69               [ 4]  258 	ld	l, c
    000000A2 60               [ 4]  259 	ld	h, b
    000000A3 E5               [11]  260 	push	hl
    000000A4 4E               [ 7]  261 	ld	c, (hl)
    000000A5 23               [ 6]  262 	inc	hl
    000000A6 46               [ 7]  263 	ld	b, (hl)
    000000A7 78               [ 4]  264 	ld	a, b
    000000A8 B1               [ 4]  265 	or	a, c
    000000A9 20 F4            [12]  266 	jr	NZ, 00101$
                         000000AB   267 	C$list.c$51$2_0$18	= .
                                    268 	.globl	C$list.c$51$2_0$18
                                    269 ;/workspace/idp-udev/src/ulibc/list.c:51: current->next=el;
    000000AB 4B               [ 4]  270 	ld	c, e
    000000AC 42               [ 4]  271 	ld	b, d
    000000AD E1               [10]  272 	pop	hl
    000000AE E5               [11]  273 	push	hl
    000000AF 71               [ 7]  274 	ld	(hl), c
    000000B0 23               [ 6]  275 	inc	hl
    000000B1 70               [ 7]  276 	ld	(hl), b
    000000B2                        277 00106$:
                         000000B2   278 	C$list.c$53$1_0$17	= .
                                    279 	.globl	C$list.c$53$1_0$17
                                    280 ;/workspace/idp-udev/src/ulibc/list.c:53: return el;
                         000000B2   281 	C$list.c$54$1_0$17	= .
                                    282 	.globl	C$list.c$54$1_0$17
                                    283 ;/workspace/idp-udev/src/ulibc/list.c:54: }
    000000B2 DD F9            [10]  284 	ld	sp, ix
    000000B4 DD E1            [14]  285 	pop	ix
                         000000B6   286 	C$list.c$54$1_0$17	= .
                                    287 	.globl	C$list.c$54$1_0$17
                         000000B6   288 	XG$_list_append$0$0	= .
                                    289 	.globl	XG$_list_append$0$0
    000000B6 C9               [10]  290 	ret
                         000000B7   291 	G$_list_remove$0$0	= .
                                    292 	.globl	G$_list_remove$0$0
                         000000B7   293 	C$list.c$56$1_0$20	= .
                                    294 	.globl	C$list.c$56$1_0$20
                                    295 ;/workspace/idp-udev/src/ulibc/list.c:56: list_header_t *_list_remove(list_header_t **first, list_header_t *el) {
                                    296 ;	---------------------------------
                                    297 ; Function _list_remove
                                    298 ; ---------------------------------
    000000B7                        299 __list_remove::
    000000B7 DD E5            [15]  300 	push	ix
    000000B9 DD 21 00 00      [14]  301 	ld	ix,#0
    000000BD DD 39            [15]  302 	add	ix,sp
    000000BF FD 21 F4 FF      [14]  303 	ld	iy, #-12
    000000C3 FD 39            [15]  304 	add	iy, sp
    000000C5 FD F9            [10]  305 	ld	sp, iy
    000000C7 DD 75 FE         [19]  306 	ld	-2 (ix), l
    000000CA DD 74 FF         [19]  307 	ld	-1 (ix), h
    000000CD DD 73 FC         [19]  308 	ld	-4 (ix), e
    000000D0 DD 72 FD         [19]  309 	ld	-3 (ix), d
                         000000D3   310 	C$list.c$58$1_0$20	= .
                                    311 	.globl	C$list.c$58$1_0$20
                                    312 ;/workspace/idp-udev/src/ulibc/list.c:58: if (el==*first) {
    000000D3 DD 6E FE         [19]  313 	ld	l, -2 (ix)
    000000D6 DD 66 FF         [19]  314 	ld	h, -1 (ix)
    000000D9 7E               [ 7]  315 	ld	a, (hl)
    000000DA DD 77 F6         [19]  316 	ld	-10 (ix), a
    000000DD 23               [ 6]  317 	inc	hl
    000000DE 7E               [ 7]  318 	ld	a, (hl)
    000000DF DD 77 F7         [19]  319 	ld	-9 (ix), a
                         000000E2   320 	C$list.c$59$1_0$20	= .
                                    321 	.globl	C$list.c$59$1_0$20
                                    322 ;/workspace/idp-udev/src/ulibc/list.c:59: *first=el->next;
    000000E2 DD 7E FC         [19]  323 	ld	a, -4 (ix)
    000000E5 DD 77 F8         [19]  324 	ld	-8 (ix), a
    000000E8 DD 7E FD         [19]  325 	ld	a, -3 (ix)
    000000EB DD 77 F9         [19]  326 	ld	-7 (ix), a
                         000000EE   327 	C$list.c$58$1_0$20	= .
                                    328 	.globl	C$list.c$58$1_0$20
                                    329 ;/workspace/idp-udev/src/ulibc/list.c:58: if (el==*first) {
    000000EE DD 7E FC         [19]  330 	ld	a, -4 (ix)
    000000F1 DD 96 F6         [19]  331 	sub	a, -10 (ix)
    000000F4 20 1C            [12]  332 	jr	NZ, 00105$
    000000F6 DD 7E FD         [19]  333 	ld	a, -3 (ix)
    000000F9 DD 96 F7         [19]  334 	sub	a, -9 (ix)
    000000FC 20 14            [12]  335 	jr	NZ, 00105$
                         000000FE   336 	C$list.c$59$2_0$21	= .
                                    337 	.globl	C$list.c$59$2_0$21
                                    338 ;/workspace/idp-udev/src/ulibc/list.c:59: *first=el->next;
    000000FE DD 6E F8         [19]  339 	ld	l, -8 (ix)
    00000101 DD 66 F9         [19]  340 	ld	h, -7 (ix)
    00000104 4E               [ 7]  341 	ld	c, (hl)
    00000105 23               [ 6]  342 	inc	hl
    00000106 46               [ 7]  343 	ld	b, (hl)
    00000107 DD 6E FE         [19]  344 	ld	l, -2 (ix)
    0000010A DD 66 FF         [19]  345 	ld	h, -1 (ix)
    0000010D 71               [ 7]  346 	ld	(hl), c
    0000010E 23               [ 6]  347 	inc	hl
    0000010F 70               [ 7]  348 	ld	(hl), b
    00000110 18 3E            [12]  349 	jr	00106$
    00000112                        350 00105$:
                         00000112   351 	C$list.c$61$2_0$22	= .
                                    352 	.globl	C$list.c$61$2_0$22
                                    353 ;/workspace/idp-udev/src/ulibc/list.c:61: if (!_list_find(*first, &prev, _list_match_eq, (unsigned int) el))
    00000112 DD 7E FC         [19]  354 	ld	a, -4 (ix)
    00000115 DD 77 FA         [19]  355 	ld	-6 (ix), a
    00000118 DD 7E FD         [19]  356 	ld	a, -3 (ix)
    0000011B DD 77 FB         [19]  357 	ld	-5 (ix), a
    0000011E DD 6E FA         [19]  358 	ld	l, -6 (ix)
    00000121 DD 66 FB         [19]  359 	ld	h, -5 (ix)
    00000124 E5               [11]  360 	push	hl
    00000125 21r00r00         [10]  361 	ld	hl, #__list_match_eq
    00000128 E5               [11]  362 	push	hl
    00000129 21 04 00         [10]  363 	ld	hl, #4
    0000012C 39               [11]  364 	add	hl, sp
    0000012D EB               [ 4]  365 	ex	de, hl
    0000012E DD 6E F6         [19]  366 	ld	l, -10 (ix)
    00000131 DD 66 F7         [19]  367 	ld	h, -9 (ix)
    00000134 CDr08r00         [17]  368 	call	__list_find
    00000137 7A               [ 4]  369 	ld	a, d
    00000138 B3               [ 4]  370 	or	a, e
    00000139 20 05            [12]  371 	jr	NZ, 00102$
                         0000013B   372 	C$list.c$62$2_0$22	= .
                                    373 	.globl	C$list.c$62$2_0$22
                                    374 ;/workspace/idp-udev/src/ulibc/list.c:62: return NULL;
    0000013B 11 00 00         [10]  375 	ld	de, #0x0000
    0000013E 18 16            [12]  376 	jr	00107$
    00000140                        377 00102$:
                         00000140   378 	C$list.c$64$2_0$22	= .
                                    379 	.globl	C$list.c$64$2_0$22
                                    380 ;/workspace/idp-udev/src/ulibc/list.c:64: prev->next=el->next;
    00000140 C1               [10]  381 	pop	bc
    00000141 C5               [11]  382 	push	bc
    00000142 DD 6E F8         [19]  383 	ld	l, -8 (ix)
    00000145 DD 66 F9         [19]  384 	ld	h, -7 (ix)
    00000148 5E               [ 7]  385 	ld	e, (hl)
    00000149 23               [ 6]  386 	inc	hl
    0000014A 56               [ 7]  387 	ld	d, (hl)
    0000014B 7B               [ 4]  388 	ld	a, e
    0000014C 02               [ 7]  389 	ld	(bc), a
    0000014D 03               [ 6]  390 	inc	bc
    0000014E 7A               [ 4]  391 	ld	a, d
    0000014F 02               [ 7]  392 	ld	(bc), a
    00000150                        393 00106$:
                         00000150   394 	C$list.c$66$1_0$20	= .
                                    395 	.globl	C$list.c$66$1_0$20
                                    396 ;/workspace/idp-udev/src/ulibc/list.c:66: return el;
    00000150 DD 5E FC         [19]  397 	ld	e, -4 (ix)
    00000153 DD 56 FD         [19]  398 	ld	d, -3 (ix)
    00000156                        399 00107$:
                         00000156   400 	C$list.c$67$1_0$20	= .
                                    401 	.globl	C$list.c$67$1_0$20
                                    402 ;/workspace/idp-udev/src/ulibc/list.c:67: }
    00000156 DD F9            [10]  403 	ld	sp, ix
    00000158 DD E1            [14]  404 	pop	ix
                         0000015A   405 	C$list.c$67$1_0$20	= .
                                    406 	.globl	C$list.c$67$1_0$20
                         0000015A   407 	XG$_list_remove$0$0	= .
                                    408 	.globl	XG$_list_remove$0$0
    0000015A C9               [10]  409 	ret
                         0000015B   410 	G$_list_remove_first$0$0	= .
                                    411 	.globl	G$_list_remove_first$0$0
                         0000015B   412 	C$list.c$69$1_0$24	= .
                                    413 	.globl	C$list.c$69$1_0$24
                                    414 ;/workspace/idp-udev/src/ulibc/list.c:69: list_header_t *_list_remove_first(list_header_t **first) {
                                    415 ;	---------------------------------
                                    416 ; Function _list_remove_first
                                    417 ; ---------------------------------
    0000015B                        418 __list_remove_first::
                         0000015B   419 	C$list.c$71$1_0$24	= .
                                    420 	.globl	C$list.c$71$1_0$24
                                    421 ;/workspace/idp-udev/src/ulibc/list.c:71: if (*first==NULL) return NULL; /* empty list */
    0000015B 5D               [ 4]  422 	ld	e, l
    0000015C 54               [ 4]  423 	ld	d, h
    0000015D 7E               [ 7]  424 	ld	a, (hl)
    0000015E 23               [ 6]  425 	inc	hl
    0000015F 66               [ 7]  426 	ld	h, (hl)
    00000160 6F               [ 4]  427 	ld	l, a
    00000161 B4               [ 4]  428 	or	a, h
    00000162 20 04            [12]  429 	jr	NZ, 00102$
    00000164 11 00 00         [10]  430 	ld	de, #0x0000
    00000167 C9               [10]  431 	ret
    00000168                        432 00102$:
                         00000168   433 	C$list.c$72$1_0$24	= .
                                    434 	.globl	C$list.c$72$1_0$24
                                    435 ;/workspace/idp-udev/src/ulibc/list.c:72: result=*first;
    00000168 4D               [ 4]  436 	ld	c, l
    00000169 44               [ 4]  437 	ld	b, h
                         0000016A   438 	C$list.c$73$1_0$24	= .
                                    439 	.globl	C$list.c$73$1_0$24
                                    440 ;/workspace/idp-udev/src/ulibc/list.c:73: *first = (list_header_t*) ((*first)->next);
    0000016A 7E               [ 7]  441 	ld	a, (hl)
    0000016B 23               [ 6]  442 	inc	hl
    0000016C 66               [ 7]  443 	ld	h, (hl)
    0000016D 12               [ 7]  444 	ld	(de), a
    0000016E 13               [ 6]  445 	inc	de
    0000016F 7C               [ 4]  446 	ld	a, h
    00000170 12               [ 7]  447 	ld	(de), a
                         00000171   448 	C$list.c$74$1_0$24	= .
                                    449 	.globl	C$list.c$74$1_0$24
                                    450 ;/workspace/idp-udev/src/ulibc/list.c:74: return result;
    00000171 59               [ 4]  451 	ld	e, c
    00000172 50               [ 4]  452 	ld	d, b
                         00000173   453 	C$list.c$75$1_0$24	= .
                                    454 	.globl	C$list.c$75$1_0$24
                                    455 ;/workspace/idp-udev/src/ulibc/list.c:75: }
                         00000173   456 	C$list.c$75$1_0$24	= .
                                    457 	.globl	C$list.c$75$1_0$24
                         00000173   458 	XG$_list_remove_first$0$0	= .
                                    459 	.globl	XG$_list_remove_first$0$0
    00000173 C9               [10]  460 	ret
                                    461 	.area _CODE
                                    462 	.area _INITIALIZER
                                    463 	.area _CABS (ABS)
