                                      1 ;--------------------------------------------------------
                                      2 ; File Created by SDCC : free open source ISO C Compiler
                                      3 ; Version 4.5.0 #15242 (Linux)
                                      4 ;--------------------------------------------------------
                                      5 	.module mem
                                      6 	
                                      7 	.optsdcc -mz80 sdcccall(1)
                                      8 ;--------------------------------------------------------
                                      9 ; Public variables in this module
                                     10 ;--------------------------------------------------------
                                     11 	.globl _memset
                                     12 	.globl __list_find
                                     13 	.globl __list_match_eq
                                     14 	.globl _malloc
                                     15 	.globl _calloc
                                     16 	.globl _free
                                     17 ;--------------------------------------------------------
                                     18 ; special function registers
                                     19 ;--------------------------------------------------------
                                     20 ;--------------------------------------------------------
                                     21 ; ram data
                                     22 ;--------------------------------------------------------
                                     23 	.area _DATA
                                     24 ;--------------------------------------------------------
                                     25 ; ram data
                                     26 ;--------------------------------------------------------
                                     27 	.area _INITIALIZED
                                     28 ;--------------------------------------------------------
                                     29 ; absolute external ram data
                                     30 ;--------------------------------------------------------
                                     31 	.area _DABS (ABS)
                                     32 ;--------------------------------------------------------
                                     33 ; global & static initialisations
                                     34 ;--------------------------------------------------------
                                     35 	.area _HOME
                                     36 	.area _GSINIT
                                     37 	.area _GSFINAL
                                     38 	.area _GSINIT
                                     39 ;--------------------------------------------------------
                                     40 ; Home
                                     41 ;--------------------------------------------------------
                                     42 	.area _HOME
                                     43 	.area _HOME
                                     44 ;--------------------------------------------------------
                                     45 ; code
                                     46 ;--------------------------------------------------------
                                     47 	.area _CODE
                         00000000    48 	Fmem$_match_free_block$0$0	= .
                                     49 	.globl	Fmem$_match_free_block$0$0
                         00000000    50 	C$mem.c$15$0_0$12	= .
                                     51 	.globl	C$mem.c$15$0_0$12
                                     52 ;/workspace/idp-udev/src/ulibc/mem.c:15: static unsigned char _match_free_block(list_header_t *p, unsigned int size)
                                     53 ;	---------------------------------
                                     54 ; Function _match_free_block
                                     55 ; ---------------------------------
    00000000                         56 __match_free_block:
                         00000000    57 	C$mem.c$17$1_0$12	= .
                                     58 	.globl	C$mem.c$17$1_0$12
                                     59 ;/workspace/idp-udev/src/ulibc/mem.c:17: block_t *b = (block_t *)p;
                         00000000    60 	C$mem.c$18$1_0$12	= .
                                     61 	.globl	C$mem.c$18$1_0$12
                                     62 ;/workspace/idp-udev/src/ulibc/mem.c:18: return !(b->stat & ALLOCATED) && b->size >= size;
    00000000 4D               [ 4]   63 	ld	c,l
    00000001 44               [ 4]   64 	ld	b,h
    00000002 23               [ 6]   65 	inc	hl
    00000003 23               [ 6]   66 	inc	hl
    00000004 7E               [ 7]   67 	ld	a, (hl)
    00000005 E6 01            [ 7]   68 	and	a, #0x01
    00000007 20 0D            [12]   69 	jr	NZ, 00103$
    00000009 21 03 00         [10]   70 	ld	hl, #3
    0000000C 09               [11]   71 	add	hl, bc
    0000000D 4E               [ 7]   72 	ld	c, (hl)
    0000000E 23               [ 6]   73 	inc	hl
    0000000F 46               [ 7]   74 	ld	b, (hl)
    00000010 79               [ 4]   75 	ld	a, c
    00000011 93               [ 4]   76 	sub	a, e
    00000012 78               [ 4]   77 	ld	a, b
    00000013 9A               [ 4]   78 	sbc	a, d
    00000014 30 02            [12]   79 	jr	NC, 00104$
    00000016                         80 00103$:
    00000016 AF               [ 4]   81 	xor	a, a
    00000017 C9               [10]   82 	ret
    00000018                         83 00104$:
    00000018 3E 01            [ 7]   84 	ld	a, #0x01
                         0000001A    85 	C$mem.c$19$1_0$12	= .
                                     86 	.globl	C$mem.c$19$1_0$12
                                     87 ;/workspace/idp-udev/src/ulibc/mem.c:19: }
                         0000001A    88 	C$mem.c$19$1_0$12	= .
                                     89 	.globl	C$mem.c$19$1_0$12
                         0000001A    90 	XFmem$_match_free_block$0$0	= .
                                     91 	.globl	XFmem$_match_free_block$0$0
    0000001A C9               [10]   92 	ret
                         0000001B    93 	Fmem$_merge_with_next$0$0	= .
                                     94 	.globl	Fmem$_merge_with_next$0$0
                         0000001B    95 	C$mem.c$22$1_0$14	= .
                                     96 	.globl	C$mem.c$22$1_0$14
                                     97 ;/workspace/idp-udev/src/ulibc/mem.c:22: static void _merge_with_next(block_t *b)
                                     98 ;	---------------------------------
                                     99 ; Function _merge_with_next
                                    100 ; ---------------------------------
    0000001B                        101 __merge_with_next:
    0000001B DD E5            [15]  102 	push	ix
    0000001D DD 21 00 00      [14]  103 	ld	ix,#0
    00000021 DD 39            [15]  104 	add	ix,sp
    00000023 F5               [11]  105 	push	af
    00000024 EB               [ 4]  106 	ex	de, hl
                         00000025   107 	C$mem.c$24$1_0$14	= .
                                    108 	.globl	C$mem.c$24$1_0$14
                                    109 ;/workspace/idp-udev/src/ulibc/mem.c:24: block_t *bnext = b->hdr.next;
    00000025 33               [ 6]  110 	inc	sp
    00000026 33               [ 6]  111 	inc	sp
    00000027 D5               [11]  112 	push	de
    00000028 E1               [10]  113 	pop	hl
    00000029 E5               [11]  114 	push	hl
    0000002A 4E               [ 7]  115 	ld	c, (hl)
    0000002B 23               [ 6]  116 	inc	hl
    0000002C 46               [ 7]  117 	ld	b, (hl)
    0000002D C5               [11]  118 	push	bc
    0000002E FD E1            [14]  119 	pop	iy
                         00000030   120 	C$mem.c$25$1_0$14	= .
                                    121 	.globl	C$mem.c$25$1_0$14
                                    122 ;/workspace/idp-udev/src/ulibc/mem.c:25: b->size += (BLK_SIZE + bnext->size);
    00000030 13               [ 6]  123 	inc	de
    00000031 13               [ 6]  124 	inc	de
    00000032 13               [ 6]  125 	inc	de
    00000033 6B               [ 4]  126 	ld	l, e
    00000034 62               [ 4]  127 	ld	h, d
    00000035 4E               [ 7]  128 	ld	c, (hl)
    00000036 23               [ 6]  129 	inc	hl
    00000037 46               [ 7]  130 	ld	b, (hl)
    00000038 FD E5            [15]  131 	push	iy
    0000003A E1               [10]  132 	pop	hl
    0000003B 23               [ 6]  133 	inc	hl
    0000003C 23               [ 6]  134 	inc	hl
    0000003D 23               [ 6]  135 	inc	hl
    0000003E 7E               [ 7]  136 	ld	a, (hl)
    0000003F 23               [ 6]  137 	inc	hl
    00000040 66               [ 7]  138 	ld	h, (hl)
    00000041 6F               [ 4]  139 	ld	l, a
    00000042 23               [ 6]  140 	inc	hl
    00000043 23               [ 6]  141 	inc	hl
    00000044 23               [ 6]  142 	inc	hl
    00000045 23               [ 6]  143 	inc	hl
    00000046 23               [ 6]  144 	inc	hl
    00000047 09               [11]  145 	add	hl, bc
    00000048 7D               [ 4]  146 	ld	a, l
    00000049 12               [ 7]  147 	ld	(de), a
    0000004A 13               [ 6]  148 	inc	de
    0000004B 7C               [ 4]  149 	ld	a, h
    0000004C 12               [ 7]  150 	ld	(de), a
                         0000004D   151 	C$mem.c$26$1_0$14	= .
                                    152 	.globl	C$mem.c$26$1_0$14
                                    153 ;/workspace/idp-udev/src/ulibc/mem.c:26: b->hdr.next = bnext->hdr.next;
    0000004D FD 4E 00         [19]  154 	ld	c, 0 (iy)
    00000050 FD 46 01         [19]  155 	ld	b, 1 (iy)
    00000053 E1               [10]  156 	pop	hl
    00000054 E5               [11]  157 	push	hl
    00000055 71               [ 7]  158 	ld	(hl), c
    00000056 23               [ 6]  159 	inc	hl
    00000057 70               [ 7]  160 	ld	(hl), b
                         00000058   161 	C$mem.c$27$1_0$14	= .
                                    162 	.globl	C$mem.c$27$1_0$14
                                    163 ;/workspace/idp-udev/src/ulibc/mem.c:27: }
    00000058 DD F9            [10]  164 	ld	sp, ix
    0000005A DD E1            [14]  165 	pop	ix
                         0000005C   166 	C$mem.c$27$1_0$14	= .
                                    167 	.globl	C$mem.c$27$1_0$14
                         0000005C   168 	XFmem$_merge_with_next$0$0	= .
                                    169 	.globl	XFmem$_merge_with_next$0$0
    0000005C C9               [10]  170 	ret
                         0000005D   171 	Fmem$_split$0$0	= .
                                    172 	.globl	Fmem$_split$0$0
                         0000005D   173 	C$mem.c$30$1_0$16	= .
                                    174 	.globl	C$mem.c$30$1_0$16
                                    175 ;/workspace/idp-udev/src/ulibc/mem.c:30: static void _split(block_t *b, unsigned int size)
                                    176 ;	---------------------------------
                                    177 ; Function _split
                                    178 ; ---------------------------------
    0000005D                        179 __split:
    0000005D DD E5            [15]  180 	push	ix
    0000005F DD 21 00 00      [14]  181 	ld	ix,#0
    00000063 DD 39            [15]  182 	add	ix,sp
    00000065 FD 21 F8 FF      [14]  183 	ld	iy, #-8
    00000069 FD 39            [15]  184 	add	iy, sp
    0000006B FD F9            [10]  185 	ld	sp, iy
    0000006D 4D               [ 4]  186 	ld	c, l
    0000006E 44               [ 4]  187 	ld	b, h
    0000006F DD 73 FE         [19]  188 	ld	-2 (ix), e
    00000072 DD 72 FF         [19]  189 	ld	-1 (ix), d
                         00000075   190 	C$mem.c$33$1_0$16	= .
                                    191 	.globl	C$mem.c$33$1_0$16
                                    192 ;/workspace/idp-udev/src/ulibc/mem.c:33: nw = (block_t *)((unsigned int)(b->data) + size);
    00000075 21 05 00         [10]  193 	ld	hl, #0x0005
    00000078 09               [11]  194 	add	hl, bc
    00000079 DD 5E FE         [19]  195 	ld	e, -2 (ix)
    0000007C DD 56 FF         [19]  196 	ld	d, -1 (ix)
    0000007F 19               [11]  197 	add	hl, de
    00000080 E5               [11]  198 	push	hl
    00000081 FD E1            [14]  199 	pop	iy
                         00000083   200 	C$mem.c$34$1_0$16	= .
                                    201 	.globl	C$mem.c$34$1_0$16
                                    202 ;/workspace/idp-udev/src/ulibc/mem.c:34: nw->hdr.next = b->hdr.next;
    00000083 FD E5            [15]  203 	push	iy
    00000085 D1               [10]  204 	pop	de
    00000086 33               [ 6]  205 	inc	sp
    00000087 33               [ 6]  206 	inc	sp
    00000088 C5               [11]  207 	push	bc
    00000089 E1               [10]  208 	pop	hl
    0000008A E5               [11]  209 	push	hl
    0000008B 7E               [ 7]  210 	ld	a, (hl)
    0000008C 23               [ 6]  211 	inc	hl
    0000008D 66               [ 7]  212 	ld	h, (hl)
    0000008E 12               [ 7]  213 	ld	(de), a
    0000008F 13               [ 6]  214 	inc	de
    00000090 7C               [ 4]  215 	ld	a, h
    00000091 12               [ 7]  216 	ld	(de), a
                         00000092   217 	C$mem.c$35$1_0$16	= .
                                    218 	.globl	C$mem.c$35$1_0$16
                                    219 ;/workspace/idp-udev/src/ulibc/mem.c:35: nw->size = b->size - (size + BLK_SIZE);
    00000092 FD E5            [15]  220 	push	iy
    00000094 D1               [10]  221 	pop	de
    00000095 13               [ 6]  222 	inc	de
    00000096 13               [ 6]  223 	inc	de
    00000097 13               [ 6]  224 	inc	de
    00000098 21 03 00         [10]  225 	ld	hl, #0x0003
    0000009B 09               [11]  226 	add	hl, bc
    0000009C DD 75 FA         [19]  227 	ld	-6 (ix), l
    0000009F DD 74 FB         [19]  228 	ld	-5 (ix), h
    000000A2 7E               [ 7]  229 	ld	a, (hl)
    000000A3 23               [ 6]  230 	inc	hl
    000000A4 66               [ 7]  231 	ld	h, (hl)
    000000A5 6F               [ 4]  232 	ld	l, a
    000000A6 DD 7E FE         [19]  233 	ld	a, -2 (ix)
    000000A9 C6 05            [ 7]  234 	add	a, #0x05
    000000AB DD 77 FC         [19]  235 	ld	-4 (ix), a
    000000AE DD 7E FF         [19]  236 	ld	a, -1 (ix)
    000000B1 CE 00            [ 7]  237 	adc	a, #0x00
    000000B3 DD 77 FD         [19]  238 	ld	-3 (ix), a
    000000B6 7D               [ 4]  239 	ld	a, l
    000000B7 DD 96 FC         [19]  240 	sub	a, -4 (ix)
    000000BA 6F               [ 4]  241 	ld	l, a
    000000BB 7C               [ 4]  242 	ld	a, h
    000000BC DD 9E FD         [19]  243 	sbc	a, -3 (ix)
    000000BF 67               [ 4]  244 	ld	h, a
    000000C0 7D               [ 4]  245 	ld	a, l
    000000C1 12               [ 7]  246 	ld	(de), a
    000000C2 13               [ 6]  247 	inc	de
    000000C3 7C               [ 4]  248 	ld	a, h
    000000C4 12               [ 7]  249 	ld	(de), a
                         000000C5   250 	C$mem.c$36$1_0$16	= .
                                    251 	.globl	C$mem.c$36$1_0$16
                                    252 ;/workspace/idp-udev/src/ulibc/mem.c:36: nw->stat = b->stat;
    000000C5 FD E5            [15]  253 	push	iy
    000000C7 D1               [10]  254 	pop	de
    000000C8 13               [ 6]  255 	inc	de
    000000C9 13               [ 6]  256 	inc	de
    000000CA 03               [ 6]  257 	inc	bc
    000000CB 03               [ 6]  258 	inc	bc
    000000CC 0A               [ 7]  259 	ld	a, (bc)
    000000CD 12               [ 7]  260 	ld	(de), a
                         000000CE   261 	C$mem.c$39$1_0$16	= .
                                    262 	.globl	C$mem.c$39$1_0$16
                                    263 ;/workspace/idp-udev/src/ulibc/mem.c:39: b->size = size;
    000000CE D1               [10]  264 	pop	de
    000000CF E1               [10]  265 	pop	hl
    000000D0 E5               [11]  266 	push	hl
    000000D1 D5               [11]  267 	push	de
    000000D2 DD 7E FE         [19]  268 	ld	a, -2 (ix)
    000000D5 77               [ 7]  269 	ld	(hl), a
    000000D6 23               [ 6]  270 	inc	hl
    000000D7 DD 7E FF         [19]  271 	ld	a, -1 (ix)
    000000DA 77               [ 7]  272 	ld	(hl), a
                         000000DB   273 	C$mem.c$40$1_0$16	= .
                                    274 	.globl	C$mem.c$40$1_0$16
                                    275 ;/workspace/idp-udev/src/ulibc/mem.c:40: b->hdr.next = nw;
    000000DB FD E5            [15]  276 	push	iy
    000000DD C1               [10]  277 	pop	bc
    000000DE E1               [10]  278 	pop	hl
    000000DF E5               [11]  279 	push	hl
    000000E0 71               [ 7]  280 	ld	(hl), c
    000000E1 23               [ 6]  281 	inc	hl
    000000E2 70               [ 7]  282 	ld	(hl), b
                         000000E3   283 	C$mem.c$41$1_0$16	= .
                                    284 	.globl	C$mem.c$41$1_0$16
                                    285 ;/workspace/idp-udev/src/ulibc/mem.c:41: }
    000000E3 DD F9            [10]  286 	ld	sp, ix
    000000E5 DD E1            [14]  287 	pop	ix
                         000000E7   288 	C$mem.c$41$1_0$16	= .
                                    289 	.globl	C$mem.c$41$1_0$16
                         000000E7   290 	XFmem$_split$0$0	= .
                                    291 	.globl	XFmem$_split$0$0
    000000E7 C9               [10]  292 	ret
                         000000E8   293 	G$malloc$0$0	= .
                                    294 	.globl	G$malloc$0$0
                         000000E8   295 	C$mem.c$44$1_0$18	= .
                                    296 	.globl	C$mem.c$44$1_0$18
                                    297 ;/workspace/idp-udev/src/ulibc/mem.c:44: void *malloc(unsigned int size)
                                    298 ;	---------------------------------
                                    299 ; Function malloc
                                    300 ; ---------------------------------
    000000E8                        301 _malloc::
    000000E8 DD E5            [15]  302 	push	ix
    000000EA DD 21 00 00      [14]  303 	ld	ix,#0
    000000EE DD 39            [15]  304 	add	ix,sp
    000000F0 F5               [11]  305 	push	af
    000000F1 F5               [11]  306 	push	af
    000000F2 DD 75 FE         [19]  307 	ld	-2 (ix), l
    000000F5 DD 74 FF         [19]  308 	ld	-1 (ix), h
                         000000F8   309 	C$mem.c$51$1_0$18	= .
                                    310 	.globl	C$mem.c$51$1_0$18
                                    311 ;/workspace/idp-udev/src/ulibc/mem.c:51: (list_header_t **)&prev,
                         000000F8   312 	C$mem.c$50$1_0$18	= .
                                    313 	.globl	C$mem.c$50$1_0$18
                                    314 ;/workspace/idp-udev/src/ulibc/mem.c:50: (list_header_t *)&_heap,
    000000F8 D1               [10]  315 	pop	de
    000000F9 E1               [10]  316 	pop	hl
    000000FA E5               [11]  317 	push	hl
    000000FB D5               [11]  318 	push	de
    000000FC E5               [11]  319 	push	hl
    000000FD 21r00r00         [10]  320 	ld	hl, #__match_free_block
    00000100 E5               [11]  321 	push	hl
    00000101 21 04 00         [10]  322 	ld	hl, #4
    00000104 39               [11]  323 	add	hl, sp
    00000105 EB               [ 4]  324 	ex	de, hl
    00000106 21r00r00         [10]  325 	ld	hl, #__heap
    00000109 CDr00r00         [17]  326 	call	__list_find
    0000010C 4B               [ 4]  327 	ld	c, e
    0000010D 42               [ 4]  328 	ld	b, d
                         0000010E   329 	C$mem.c$54$1_0$18	= .
                                    330 	.globl	C$mem.c$54$1_0$18
                                    331 ;/workspace/idp-udev/src/ulibc/mem.c:54: if (b)
    0000010E 78               [ 4]  332 	ld	a, b
    0000010F B1               [ 4]  333 	or	a, c
    00000110 28 34            [12]  334 	jr	Z, 00104$
                         00000112   335 	C$mem.c$56$2_0$19	= .
                                    336 	.globl	C$mem.c$56$2_0$19
                                    337 ;/workspace/idp-udev/src/ulibc/mem.c:56: if (b->size - size > BLK_SIZE + MIN_CHUNK_SIZE)
    00000112 69               [ 4]  338 	ld	l, c
    00000113 60               [ 4]  339 	ld	h, b
    00000114 23               [ 6]  340 	inc	hl
    00000115 23               [ 6]  341 	inc	hl
    00000116 23               [ 6]  342 	inc	hl
    00000117 5E               [ 7]  343 	ld	e, (hl)
    00000118 23               [ 6]  344 	inc	hl
    00000119 56               [ 7]  345 	ld	d, (hl)
    0000011A 7B               [ 4]  346 	ld	a, e
    0000011B DD 96 FE         [19]  347 	sub	a, -2 (ix)
    0000011E 5F               [ 4]  348 	ld	e, a
    0000011F 7A               [ 4]  349 	ld	a, d
    00000120 DD 9E FF         [19]  350 	sbc	a, -1 (ix)
    00000123 57               [ 4]  351 	ld	d, a
    00000124 3E 09            [ 7]  352 	ld	a, #0x09
    00000126 BB               [ 4]  353 	cp	a, e
    00000127 3E 00            [ 7]  354 	ld	a, #0x00
    00000129 9A               [ 4]  355 	sbc	a, d
    0000012A 30 0D            [12]  356 	jr	NC, 00102$
                         0000012C   357 	C$mem.c$57$2_0$19	= .
                                    358 	.globl	C$mem.c$57$2_0$19
                                    359 ;/workspace/idp-udev/src/ulibc/mem.c:57: _split(b, size);
    0000012C C5               [11]  360 	push	bc
    0000012D DD 5E FE         [19]  361 	ld	e, -2 (ix)
    00000130 DD 56 FF         [19]  362 	ld	d, -1 (ix)
    00000133 69               [ 4]  363 	ld	l, c
    00000134 60               [ 4]  364 	ld	h, b
    00000135 CDr5Dr00         [17]  365 	call	__split
    00000138 C1               [10]  366 	pop	bc
    00000139                        367 00102$:
                         00000139   368 	C$mem.c$58$2_0$19	= .
                                    369 	.globl	C$mem.c$58$2_0$19
                                    370 ;/workspace/idp-udev/src/ulibc/mem.c:58: b->stat = ALLOCATED;
    00000139 69               [ 4]  371 	ld	l, c
    0000013A 60               [ 4]  372 	ld	h, b
    0000013B 23               [ 6]  373 	inc	hl
    0000013C 23               [ 6]  374 	inc	hl
    0000013D 36 01            [10]  375 	ld	(hl), #0x01
                         0000013F   376 	C$mem.c$59$2_0$19	= .
                                    377 	.globl	C$mem.c$59$2_0$19
                                    378 ;/workspace/idp-udev/src/ulibc/mem.c:59: return b->data;
    0000013F 21 05 00         [10]  379 	ld	hl, #0x0005
    00000142 09               [11]  380 	add	hl, bc
    00000143 EB               [ 4]  381 	ex	de, hl
    00000144 18 03            [12]  382 	jr	00106$
    00000146                        383 00104$:
                         00000146   384 	C$mem.c$62$1_0$18	= .
                                    385 	.globl	C$mem.c$62$1_0$18
                                    386 ;/workspace/idp-udev/src/ulibc/mem.c:62: return NULL;
    00000146 11 00 00         [10]  387 	ld	de, #0x0000
    00000149                        388 00106$:
                         00000149   389 	C$mem.c$63$1_0$18	= .
                                    390 	.globl	C$mem.c$63$1_0$18
                                    391 ;/workspace/idp-udev/src/ulibc/mem.c:63: }
    00000149 DD F9            [10]  392 	ld	sp, ix
    0000014B DD E1            [14]  393 	pop	ix
                         0000014D   394 	C$mem.c$63$1_0$18	= .
                                    395 	.globl	C$mem.c$63$1_0$18
                         0000014D   396 	XG$malloc$0$0	= .
                                    397 	.globl	XG$malloc$0$0
    0000014D C9               [10]  398 	ret
                         0000014E   399 	G$calloc$0$0	= .
                                    400 	.globl	G$calloc$0$0
                         0000014E   401 	C$mem.c$67$1_0$22	= .
                                    402 	.globl	C$mem.c$67$1_0$22
                                    403 ;/workspace/idp-udev/src/ulibc/mem.c:67: void* calloc (unsigned int num, unsigned int size) {
                                    404 ;	---------------------------------
                                    405 ; Function calloc
                                    406 ; ---------------------------------
    0000014E                        407 _calloc::
                         0000014E   408 	C$mem.c$68$1_0$22	= .
                                    409 	.globl	C$mem.c$68$1_0$22
                                    410 ;/workspace/idp-udev/src/ulibc/mem.c:68: void *p=malloc(num*size);
    0000014E CDr00r00         [17]  411 	call	__mulint
    00000151 4B               [ 4]  412 	ld	c, e
    00000152 42               [ 4]  413 	ld	b, d
    00000153 C5               [11]  414 	push	bc
    00000154 69               [ 4]  415 	ld	l, c
    00000155 60               [ 4]  416 	ld	h, b
    00000156 CDrE8r00         [17]  417 	call	_malloc
    00000159 C1               [10]  418 	pop	bc
    0000015A 6B               [ 4]  419 	ld	l, e
                         0000015B   420 	C$mem.c$69$1_0$22	= .
                                    421 	.globl	C$mem.c$69$1_0$22
                                    422 ;/workspace/idp-udev/src/ulibc/mem.c:69: if (p==NULL) return NULL;
    0000015B 7A               [ 4]  423 	ld	a,d
    0000015C 67               [ 4]  424 	ld	h,a
    0000015D B3               [ 4]  425 	or	a, e
    0000015E 20 04            [12]  426 	jr	NZ, 00102$
    00000160 11 00 00         [10]  427 	ld	de, #0x0000
    00000163 C9               [10]  428 	ret
    00000164                        429 00102$:
                         00000164   430 	C$mem.c$70$1_0$22	= .
                                    431 	.globl	C$mem.c$70$1_0$22
                                    432 ;/workspace/idp-udev/src/ulibc/mem.c:70: return memset(p,0,num*size);
    00000164 C5               [11]  433 	push	bc
    00000165 11 00 00         [10]  434 	ld	de, #0x0000
    00000168 CDr00r00         [17]  435 	call	_memset
                         0000016B   436 	C$mem.c$71$1_0$22	= .
                                    437 	.globl	C$mem.c$71$1_0$22
                                    438 ;/workspace/idp-udev/src/ulibc/mem.c:71: }
                         0000016B   439 	C$mem.c$71$1_0$22	= .
                                    440 	.globl	C$mem.c$71$1_0$22
                         0000016B   441 	XG$calloc$0$0	= .
                                    442 	.globl	XG$calloc$0$0
    0000016B C9               [10]  443 	ret
                         0000016C   444 	G$free$0$0	= .
                                    445 	.globl	G$free$0$0
                         0000016C   446 	C$mem.c$74$1_0$24	= .
                                    447 	.globl	C$mem.c$74$1_0$24
                                    448 ;/workspace/idp-udev/src/ulibc/mem.c:74: void free(void *p)
                                    449 ;	---------------------------------
                                    450 ; Function free
                                    451 ; ---------------------------------
    0000016C                        452 _free::
    0000016C DD E5            [15]  453 	push	ix
    0000016E DD 21 00 00      [14]  454 	ld	ix,#0
    00000172 DD 39            [15]  455 	add	ix,sp
    00000174 F5               [11]  456 	push	af
                         00000175   457 	C$mem.c$80$1_0$24	= .
                                    458 	.globl	C$mem.c$80$1_0$24
                                    459 ;/workspace/idp-udev/src/ulibc/mem.c:80: b = (block_t *)((unsigned int)p - BLK_SIZE);
    00000175 01 FB FF         [10]  460 	ld	bc, #0xfffb
    00000178 09               [11]  461 	add	hl,bc
    00000179 4D               [ 4]  462 	ld	c, l
    0000017A 44               [ 4]  463 	ld	b, h
                         0000017B   464 	C$mem.c$83$1_0$24	= .
                                    465 	.globl	C$mem.c$83$1_0$24
                                    466 ;/workspace/idp-udev/src/ulibc/mem.c:83: if (_list_find((list_header_t *)&_heap, (list_header_t **)&prev, _list_match_eq, (unsigned int)b))
    0000017B 59               [ 4]  467 	ld	e, c
    0000017C 50               [ 4]  468 	ld	d, b
    0000017D C5               [11]  469 	push	bc
    0000017E D5               [11]  470 	push	de
    0000017F 21r00r00         [10]  471 	ld	hl, #__list_match_eq
    00000182 E5               [11]  472 	push	hl
    00000183 21 06 00         [10]  473 	ld	hl, #6
    00000186 39               [11]  474 	add	hl, sp
    00000187 EB               [ 4]  475 	ex	de, hl
    00000188 21r00r00         [10]  476 	ld	hl, #__heap
    0000018B CDr00r00         [17]  477 	call	__list_find
    0000018E C1               [10]  478 	pop	bc
    0000018F 7A               [ 4]  479 	ld	a, d
    00000190 B3               [ 4]  480 	or	a, e
    00000191 28 32            [12]  481 	jr	Z, 00109$
                         00000193   482 	C$mem.c$85$2_0$25	= .
                                    483 	.globl	C$mem.c$85$2_0$25
                                    484 ;/workspace/idp-udev/src/ulibc/mem.c:85: b->stat = NEW;
    00000193 69               [ 4]  485 	ld	l, c
    00000194 60               [ 4]  486 	ld	h, b
    00000195 23               [ 6]  487 	inc	hl
    00000196 23               [ 6]  488 	inc	hl
    00000197 36 00            [10]  489 	ld	(hl), #0x00
                         00000199   490 	C$mem.c$87$2_0$25	= .
                                    491 	.globl	C$mem.c$87$2_0$25
                                    492 ;/workspace/idp-udev/src/ulibc/mem.c:87: if (prev && !(prev->stat & ALLOCATED))
    00000199 DD 7E FF         [19]  493 	ld	a, -1 (ix)
    0000019C DD B6 FE         [19]  494 	or	a, -2 (ix)
    0000019F 28 10            [12]  495 	jr	Z, 00102$
    000001A1 D1               [10]  496 	pop	de
    000001A2 D5               [11]  497 	push	de
    000001A3 6B               [ 4]  498 	ld	l, e
    000001A4 62               [ 4]  499 	ld	h, d
    000001A5 23               [ 6]  500 	inc	hl
    000001A6 23               [ 6]  501 	inc	hl
    000001A7 7E               [ 7]  502 	ld	a, (hl)
    000001A8 0F               [ 4]  503 	rrca
    000001A9 38 06            [12]  504 	jr	C, 00102$
                         000001AB   505 	C$mem.c$89$3_0$26	= .
                                    506 	.globl	C$mem.c$89$3_0$26
                                    507 ;/workspace/idp-udev/src/ulibc/mem.c:89: _merge_with_next(prev);
    000001AB EB               [ 4]  508 	ex	de, hl
    000001AC CDr1Br00         [17]  509 	call	__merge_with_next
                         000001AF   510 	C$mem.c$90$3_0$26	= .
                                    511 	.globl	C$mem.c$90$3_0$26
                                    512 ;/workspace/idp-udev/src/ulibc/mem.c:90: b = prev;
    000001AF C1               [10]  513 	pop	bc
    000001B0 C5               [11]  514 	push	bc
    000001B1                        515 00102$:
                         000001B1   516 	C$mem.c$93$2_0$25	= .
                                    517 	.globl	C$mem.c$93$2_0$25
                                    518 ;/workspace/idp-udev/src/ulibc/mem.c:93: if (b->hdr.next && !(((block_t *)(b->hdr.next))->stat & ALLOCATED))
    000001B1 69               [ 4]  519 	ld	l, c
    000001B2 60               [ 4]  520 	ld	h, b
    000001B3 5E               [ 7]  521 	ld	e, (hl)
    000001B4 23               [ 6]  522 	inc	hl
    000001B5 56               [ 7]  523 	ld	d, (hl)
    000001B6 7A               [ 4]  524 	ld	a, d
    000001B7 B3               [ 4]  525 	or	a, e
    000001B8 28 0B            [12]  526 	jr	Z, 00109$
    000001BA 13               [ 6]  527 	inc	de
    000001BB 13               [ 6]  528 	inc	de
    000001BC 1A               [ 7]  529 	ld	a, (de)
    000001BD 0F               [ 4]  530 	rrca
    000001BE 38 05            [12]  531 	jr	C, 00109$
                         000001C0   532 	C$mem.c$94$2_0$25	= .
                                    533 	.globl	C$mem.c$94$2_0$25
                                    534 ;/workspace/idp-udev/src/ulibc/mem.c:94: _merge_with_next(b);
    000001C0 69               [ 4]  535 	ld	l, c
    000001C1 60               [ 4]  536 	ld	h, b
    000001C2 CDr1Br00         [17]  537 	call	__merge_with_next
    000001C5                        538 00109$:
                         000001C5   539 	C$mem.c$96$1_0$24	= .
                                    540 	.globl	C$mem.c$96$1_0$24
                                    541 ;/workspace/idp-udev/src/ulibc/mem.c:96: }
    000001C5 DD F9            [10]  542 	ld	sp, ix
    000001C7 DD E1            [14]  543 	pop	ix
                         000001C9   544 	C$mem.c$96$1_0$24	= .
                                    545 	.globl	C$mem.c$96$1_0$24
                         000001C9   546 	XG$free$0$0	= .
                                    547 	.globl	XG$free$0$0
    000001C9 C9               [10]  548 	ret
                                    549 	.area _CODE
                                    550 	.area _INITIALIZER
                                    551 	.area _CABS (ABS)
