                                      1 ;--------------------------------------------------------
                                      2 ; File Created by SDCC : free open source ISO C Compiler
                                      3 ; Version 4.5.0 #15242 (Linux)
                                      4 ;--------------------------------------------------------
                                      5 	.module print
                                      6 	
                                      7 	.optsdcc -mz80 sdcccall(1)
                                      8 ;--------------------------------------------------------
                                      9 ; Public variables in this module
                                     10 ;--------------------------------------------------------
                                     11 	.globl _puts
                                     12 	.globl _printf
                                     13 	.globl _putchar
                                     14 ;--------------------------------------------------------
                                     15 ; special function registers
                                     16 ;--------------------------------------------------------
                                     17 ;--------------------------------------------------------
                                     18 ; ram data
                                     19 ;--------------------------------------------------------
                                     20 	.area _DATA
                                     21 ;--------------------------------------------------------
                                     22 ; ram data
                                     23 ;--------------------------------------------------------
                                     24 	.area _INITIALIZED
                                     25 ;--------------------------------------------------------
                                     26 ; absolute external ram data
                                     27 ;--------------------------------------------------------
                                     28 	.area _DABS (ABS)
                                     29 ;--------------------------------------------------------
                                     30 ; global & static initialisations
                                     31 ;--------------------------------------------------------
                                     32 	.area _HOME
                                     33 	.area _GSINIT
                                     34 	.area _GSFINAL
                                     35 	.area _GSINIT
                                     36 ;--------------------------------------------------------
                                     37 ; Home
                                     38 ;--------------------------------------------------------
                                     39 	.area _HOME
                                     40 	.area _HOME
                                     41 ;--------------------------------------------------------
                                     42 ; code
                                     43 ;--------------------------------------------------------
                                     44 	.area _CODE
                         00000000    45 	Fprint$_prints$0$0	= .
                                     46 	.globl	Fprint$_prints$0$0
                         00000000    47 	C$print.c$34$0_0$4	= .
                                     48 	.globl	C$print.c$34$0_0$4
                                     49 ;/workspace/idp-udev/src/ulibc/print.c:34: static void _prints(const char *string, int width, int flags)
                                     50 ;	---------------------------------
                                     51 ; Function _prints
                                     52 ; ---------------------------------
    00000000                         53 __prints:
    00000000 DD E5            [15]   54 	push	ix
    00000002 DD 21 00 00      [14]   55 	ld	ix,#0
    00000006 DD 39            [15]   56 	add	ix,sp
    00000008 F5               [11]   57 	push	af
    00000009 F5               [11]   58 	push	af
    0000000A F5               [11]   59 	push	af
    0000000B DD 75 FC         [19]   60 	ld	-4 (ix), l
    0000000E DD 74 FD         [19]   61 	ld	-3 (ix), h
    00000011 33               [ 6]   62 	inc	sp
    00000012 33               [ 6]   63 	inc	sp
    00000013 D5               [11]   64 	push	de
                         00000014    65 	C$print.c$36$2_0$4	= .
                                     66 	.globl	C$print.c$36$2_0$4
                                     67 ;/workspace/idp-udev/src/ulibc/print.c:36: int padchar = ' ';
    00000014 01 20 00         [10]   68 	ld	bc, #0x0020
                         00000017    69 	C$print.c$38$1_0$4	= .
                                     70 	.globl	C$print.c$38$1_0$4
                                     71 ;/workspace/idp-udev/src/ulibc/print.c:38: if (width > 0) {
    00000017 AF               [ 4]   72 	xor	a, a
    00000018 DD BE FA         [19]   73 	cp	a, -6 (ix)
    0000001B DD 9E FB         [19]   74 	sbc	a, -5 (ix)
    0000001E E2r23r00         [10]   75 	jp	PO, 00215$
    00000021 EE 80            [ 7]   76 	xor	a, #0x80
    00000023                         77 00215$:
    00000023 F2r75r00         [10]   78 	jp	P, 00108$
                         00000026    79 	C$print.c$41$2_0$4	= .
                                     80 	.globl	C$print.c$41$2_0$4
                                     81 ;/workspace/idp-udev/src/ulibc/print.c:41: for (ptr = string; *ptr; ++ptr) ++len;
    00000026 AF               [ 4]   82 	xor	a, a
    00000027 DD 77 FE         [19]   83 	ld	-2 (ix), a
    0000002A DD 77 FF         [19]   84 	ld	-1 (ix), a
    0000002D D1               [10]   85 	pop	de
    0000002E E1               [10]   86 	pop	hl
    0000002F E5               [11]   87 	push	hl
    00000030 D5               [11]   88 	push	de
    00000031                         89 00115$:
    00000031 7E               [ 7]   90 	ld	a, (hl)
    00000032 B7               [ 4]   91 	or	a, a
    00000033 28 0B            [12]   92 	jr	Z, 00101$
    00000035 DD 34 FE         [23]   93 	inc	-2 (ix)
    00000038 20 03            [12]   94 	jr	NZ, 00216$
    0000003A DD 34 FF         [23]   95 	inc	-1 (ix)
    0000003D                         96 00216$:
    0000003D 23               [ 6]   97 	inc	hl
    0000003E 18 F1            [12]   98 	jr	00115$
    00000040                         99 00101$:
                         00000040   100 	C$print.c$42$2_0$5	= .
                                    101 	.globl	C$print.c$42$2_0$5
                                    102 ;/workspace/idp-udev/src/ulibc/print.c:42: if (len >= width) width = 0;
    00000040 DD 7E FE         [19]  103 	ld	a, -2 (ix)
    00000043 DD 96 FA         [19]  104 	sub	a, -6 (ix)
    00000046 DD 7E FF         [19]  105 	ld	a, -1 (ix)
    00000049 DD 9E FB         [19]  106 	sbc	a, -5 (ix)
    0000004C E2r51r00         [10]  107 	jp	PO, 00217$
    0000004F EE 80            [ 7]  108 	xor	a, #0x80
    00000051                        109 00217$:
    00000051 FAr5Ar00         [10]  110 	jp	M, 00103$
    00000054 21 00 00         [10]  111 	ld	hl, #0x0000
    00000057 E3               [19]  112 	ex	(sp), hl
    00000058 18 12            [12]  113 	jr	00104$
    0000005A                        114 00103$:
                         0000005A   115 	C$print.c$43$2_0$5	= .
                                    116 	.globl	C$print.c$43$2_0$5
                                    117 ;/workspace/idp-udev/src/ulibc/print.c:43: else width -= len;
    0000005A DD 7E FA         [19]  118 	ld	a, -6 (ix)
    0000005D DD 96 FE         [19]  119 	sub	a, -2 (ix)
    00000060 DD 77 FA         [19]  120 	ld	-6 (ix), a
    00000063 DD 7E FB         [19]  121 	ld	a, -5 (ix)
    00000066 DD 9E FF         [19]  122 	sbc	a, -1 (ix)
    00000069 DD 77 FB         [19]  123 	ld	-5 (ix), a
    0000006C                        124 00104$:
                         0000006C   125 	C$print.c$44$2_0$5	= .
                                    126 	.globl	C$print.c$44$2_0$5
                                    127 ;/workspace/idp-udev/src/ulibc/print.c:44: if (flags & PAD_ZERO)
    0000006C DD CB 04 46      [20]  128 	bit	0, 4 (ix)
    00000070 28 03            [12]  129 	jr	Z, 00108$
                         00000072   130 	C$print.c$45$2_0$5	= .
                                    131 	.globl	C$print.c$45$2_0$5
                                    132 ;/workspace/idp-udev/src/ulibc/print.c:45: padchar = '0';
    00000072 01 30 00         [10]  133 	ld	bc, #0x0030
    00000075                        134 00108$:
                         00000075   135 	C$print.c$47$1_0$4	= .
                                    136 	.globl	C$print.c$47$1_0$4
                                    137 ;/workspace/idp-udev/src/ulibc/print.c:47: if (!(flags & PAD_RIGHT)) {
    00000075 DD CB 04 4E      [20]  138 	bit	1, 4 (ix)
    00000079 20 1C            [12]  139 	jr	NZ, 00136$
    0000007B D1               [10]  140 	pop	de
    0000007C D5               [11]  141 	push	de
    0000007D                        142 00118$:
                         0000007D   143 	C$print.c$48$3_0$8	= .
                                    144 	.globl	C$print.c$48$3_0$8
                                    145 ;/workspace/idp-udev/src/ulibc/print.c:48: for ( ; width > 0; --width) {
    0000007D AF               [ 4]  146 	xor	a, a
    0000007E BB               [ 4]  147 	cp	a, e
    0000007F 9A               [ 4]  148 	sbc	a, d
    00000080 E2r85r00         [10]  149 	jp	PO, 00221$
    00000083 EE 80            [ 7]  150 	xor	a, #0x80
    00000085                        151 00221$:
    00000085 F2r94r00         [10]  152 	jp	P, 00140$
                         00000088   153 	C$print.c$49$4_0$9	= .
                                    154 	.globl	C$print.c$49$4_0$9
                                    155 ;/workspace/idp-udev/src/ulibc/print.c:49: putchar(padchar);
    00000088 C5               [11]  156 	push	bc
    00000089 D5               [11]  157 	push	de
    0000008A 69               [ 4]  158 	ld	l, c
    0000008B 60               [ 4]  159 	ld	h, b
    0000008C CDr00r00         [17]  160 	call	_putchar
    0000008F D1               [10]  161 	pop	de
    00000090 C1               [10]  162 	pop	bc
                         00000091   163 	C$print.c$48$3_0$8	= .
                                    164 	.globl	C$print.c$48$3_0$8
                                    165 ;/workspace/idp-udev/src/ulibc/print.c:48: for ( ; width > 0; --width) {
    00000091 1B               [ 6]  166 	dec	de
    00000092 18 E9            [12]  167 	jr	00118$
    00000094                        168 00140$:
    00000094 33               [ 6]  169 	inc	sp
    00000095 33               [ 6]  170 	inc	sp
    00000096 D5               [11]  171 	push	de
    00000097                        172 00136$:
    00000097 DD 7E FC         [19]  173 	ld	a, -4 (ix)
    0000009A DD 77 FE         [19]  174 	ld	-2 (ix), a
    0000009D DD 7E FD         [19]  175 	ld	a, -3 (ix)
    000000A0 DD 77 FF         [19]  176 	ld	-1 (ix), a
    000000A3                        177 00121$:
                         000000A3   178 	C$print.c$52$2_0$10	= .
                                    179 	.globl	C$print.c$52$2_0$10
                                    180 ;/workspace/idp-udev/src/ulibc/print.c:52: for ( ; *string ; ++string) {
    000000A3 DD 6E FE         [19]  181 	ld	l, -2 (ix)
    000000A6 DD 66 FF         [19]  182 	ld	h, -1 (ix)
    000000A9 7E               [ 7]  183 	ld	a, (hl)
    000000AA B7               [ 4]  184 	or	a, a
    000000AB 28 12            [12]  185 	jr	Z, 00138$
                         000000AD   186 	C$print.c$53$3_0$11	= .
                                    187 	.globl	C$print.c$53$3_0$11
                                    188 ;/workspace/idp-udev/src/ulibc/print.c:53: putchar(*string);
    000000AD 26 00            [ 7]  189 	ld	h, #0x00
    000000AF C5               [11]  190 	push	bc
    000000B0 6F               [ 4]  191 	ld	l, a
    000000B1 CDr00r00         [17]  192 	call	_putchar
    000000B4 C1               [10]  193 	pop	bc
                         000000B5   194 	C$print.c$52$2_0$10	= .
                                    195 	.globl	C$print.c$52$2_0$10
                                    196 ;/workspace/idp-udev/src/ulibc/print.c:52: for ( ; *string ; ++string) {
    000000B5 DD 34 FE         [23]  197 	inc	-2 (ix)
    000000B8 20 E9            [12]  198 	jr	NZ, 00121$
    000000BA DD 34 FF         [23]  199 	inc	-1 (ix)
    000000BD 18 E4            [12]  200 	jr	00121$
    000000BF                        201 00138$:
    000000BF D1               [10]  202 	pop	de
    000000C0 D5               [11]  203 	push	de
    000000C1                        204 00124$:
                         000000C1   205 	C$print.c$55$2_0$12	= .
                                    206 	.globl	C$print.c$55$2_0$12
                                    207 ;/workspace/idp-udev/src/ulibc/print.c:55: for ( ; width > 0; --width) {
    000000C1 AF               [ 4]  208 	xor	a, a
    000000C2 BB               [ 4]  209 	cp	a, e
    000000C3 9A               [ 4]  210 	sbc	a, d
    000000C4 E2rC9r00         [10]  211 	jp	PO, 00223$
    000000C7 EE 80            [ 7]  212 	xor	a, #0x80
    000000C9                        213 00223$:
    000000C9 F2rD8r00         [10]  214 	jp	P, 00126$
                         000000CC   215 	C$print.c$56$3_0$13	= .
                                    216 	.globl	C$print.c$56$3_0$13
                                    217 ;/workspace/idp-udev/src/ulibc/print.c:56: putchar(padchar);
    000000CC C5               [11]  218 	push	bc
    000000CD D5               [11]  219 	push	de
    000000CE 69               [ 4]  220 	ld	l, c
    000000CF 60               [ 4]  221 	ld	h, b
    000000D0 CDr00r00         [17]  222 	call	_putchar
    000000D3 D1               [10]  223 	pop	de
    000000D4 C1               [10]  224 	pop	bc
                         000000D5   225 	C$print.c$55$2_0$12	= .
                                    226 	.globl	C$print.c$55$2_0$12
                                    227 ;/workspace/idp-udev/src/ulibc/print.c:55: for ( ; width > 0; --width) {
    000000D5 1B               [ 6]  228 	dec	de
    000000D6 18 E9            [12]  229 	jr	00124$
    000000D8                        230 00126$:
                         000000D8   231 	C$print.c$58$2_0$4	= .
                                    232 	.globl	C$print.c$58$2_0$4
                                    233 ;/workspace/idp-udev/src/ulibc/print.c:58: }
    000000D8 DD F9            [10]  234 	ld	sp, ix
    000000DA DD E1            [14]  235 	pop	ix
    000000DC E1               [10]  236 	pop	hl
    000000DD F1               [10]  237 	pop	af
    000000DE E9               [ 4]  238 	jp	(hl)
                         000000DF   239 	Fprint$_printi$0$0	= .
                                    240 	.globl	Fprint$_printi$0$0
                         000000DF   241 	C$print.c$61$2_0$15	= .
                                    242 	.globl	C$print.c$61$2_0$15
                                    243 ;/workspace/idp-udev/src/ulibc/print.c:61: static void _printi(int i, int base, int sign, int width, int flags, int letbase)
                                    244 ;	---------------------------------
                                    245 ; Function _printi
                                    246 ; ---------------------------------
    000000DF                        247 __printi:
    000000DF DD E5            [15]  248 	push	ix
    000000E1 DD 21 00 00      [14]  249 	ld	ix,#0
    000000E5 DD 39            [15]  250 	add	ix,sp
    000000E7 FD 21 77 FF      [14]  251 	ld	iy, #-137
    000000EB FD 39            [15]  252 	add	iy, sp
    000000ED FD F9            [10]  253 	ld	sp, iy
    000000EF 4D               [ 4]  254 	ld	c, l
    000000F0 44               [ 4]  255 	ld	b, h
    000000F1 DD 73 FC         [19]  256 	ld	-4 (ix), e
    000000F4 DD 72 FD         [19]  257 	ld	-3 (ix), d
                         000000F7   258 	C$print.c$65$2_0$15	= .
                                    259 	.globl	C$print.c$65$2_0$15
                                    260 ;/workspace/idp-udev/src/ulibc/print.c:65: int t, neg = 0, pc = 0;
    000000F7 DD 36 F7 00      [19]  261 	ld	-9 (ix), #0x00
                         000000FB   262 	C$print.c$66$2_0$15	= .
                                    263 	.globl	C$print.c$66$2_0$15
                                    264 ;/workspace/idp-udev/src/ulibc/print.c:66: unsigned int u = i;
    000000FB DD 71 F8         [19]  265 	ld	-8 (ix), c
    000000FE DD 70 F9         [19]  266 	ld	-7 (ix), b
                         00000101   267 	C$print.c$67$1_0$15	= .
                                    268 	.globl	C$print.c$67$1_0$15
                                    269 ;/workspace/idp-udev/src/ulibc/print.c:67: if (i == 0) {
    00000101 78               [ 4]  270 	ld	a, b
    00000102 B1               [ 4]  271 	or	a, c
    00000103 20 27            [12]  272 	jr	NZ, 00102$
                         00000105   273 	C$print.c$68$2_0$16	= .
                                    274 	.globl	C$print.c$68$2_0$16
                                    275 ;/workspace/idp-udev/src/ulibc/print.c:68: print_buf[0] = '0';
    00000105 FD 21 00 00      [14]  276 	ld	iy, #0
    00000109 FD 39            [15]  277 	add	iy, sp
    0000010B FD 36 00 30      [19]  278 	ld	0 (iy), #0x30
                         0000010F   279 	C$print.c$69$2_0$16	= .
                                    280 	.globl	C$print.c$69$2_0$16
                                    281 ;/workspace/idp-udev/src/ulibc/print.c:69: print_buf[1] = '\0';
    0000010F FD 23            [10]  282 	inc	iy
    00000111 FD 36 00 00      [19]  283 	ld	0 (iy), #0x00
                         00000115   284 	C$print.c$70$2_0$16	= .
                                    285 	.globl	C$print.c$70$2_0$16
                                    286 ;/workspace/idp-udev/src/ulibc/print.c:70: _prints(print_buf, width, flags);
    00000115 DD 6E 08         [19]  287 	ld	l, 8 (ix)
    00000118 DD 66 09         [19]  288 	ld	h, 9 (ix)
    0000011B E5               [11]  289 	push	hl
    0000011C DD 5E 06         [19]  290 	ld	e, 6 (ix)
    0000011F DD 56 07         [19]  291 	ld	d, 7 (ix)
    00000122 21 02 00         [10]  292 	ld	hl, #2
    00000125 39               [11]  293 	add	hl, sp
    00000126 CDr00r00         [17]  294 	call	__prints
                         00000129   295 	C$print.c$71$2_0$16	= .
                                    296 	.globl	C$print.c$71$2_0$16
                                    297 ;/workspace/idp-udev/src/ulibc/print.c:71: return;
    00000129 C3r06r02         [10]  298 	jp	00118$
    0000012C                        299 00102$:
                         0000012C   300 	C$print.c$73$1_0$15	= .
                                    301 	.globl	C$print.c$73$1_0$15
                                    302 ;/workspace/idp-udev/src/ulibc/print.c:73: if (sign && base == 10 && i < 0) {
    0000012C DD 7E 05         [19]  303 	ld	a, 5 (ix)
    0000012F DD B6 04         [19]  304 	or	a, 4 (ix)
    00000132 28 1C            [12]  305 	jr	Z, 00104$
    00000134 DD 7E FC         [19]  306 	ld	a, -4 (ix)
    00000137 D6 0A            [ 7]  307 	sub	a, #0x0a
    00000139 DD B6 FD         [19]  308 	or	a, -3 (ix)
    0000013C 20 12            [12]  309 	jr	NZ, 00104$
    0000013E CB 78            [ 8]  310 	bit	7, b
    00000140 28 0E            [12]  311 	jr	Z, 00104$
                         00000142   312 	C$print.c$74$2_0$17	= .
                                    313 	.globl	C$print.c$74$2_0$17
                                    314 ;/workspace/idp-udev/src/ulibc/print.c:74: neg = 1;
    00000142 DD 36 F7 01      [19]  315 	ld	-9 (ix), #0x01
                         00000146   316 	C$print.c$75$2_0$17	= .
                                    317 	.globl	C$print.c$75$2_0$17
                                    318 ;/workspace/idp-udev/src/ulibc/print.c:75: u = -i;
    00000146 AF               [ 4]  319 	xor	a, a
    00000147 91               [ 4]  320 	sub	a, c
    00000148 DD 77 F8         [19]  321 	ld	-8 (ix), a
    0000014B 9F               [ 4]  322 	sbc	a, a
    0000014C 90               [ 4]  323 	sub	a, b
    0000014D DD 77 F9         [19]  324 	ld	-7 (ix), a
    00000150                        325 00104$:
                         00000150   326 	C$print.c$77$1_0$15	= .
                                    327 	.globl	C$print.c$77$1_0$15
                                    328 ;/workspace/idp-udev/src/ulibc/print.c:77: s = print_buf + PRINT_BUF_LEN-1;
    00000150 21 7F 00         [10]  329 	ld	hl, #127
    00000153 39               [11]  330 	add	hl, sp
    00000154 4D               [ 4]  331 	ld	c, l
    00000155 44               [ 4]  332 	ld	b, h
                         00000156   333 	C$print.c$78$1_0$15	= .
                                    334 	.globl	C$print.c$78$1_0$15
                                    335 ;/workspace/idp-udev/src/ulibc/print.c:78: *s = '\0';
    00000156 AF               [ 4]  336 	xor	a, a
    00000157 02               [ 7]  337 	ld	(bc), a
                         00000158   338 	C$print.c$79$2_0$18	= .
                                    339 	.globl	C$print.c$79$2_0$18
                                    340 ;/workspace/idp-udev/src/ulibc/print.c:79: while (u) {
    00000158 DD 7E 0A         [19]  341 	ld	a, 10 (ix)
    0000015B C6 C6            [ 7]  342 	add	a, #0xc6
    0000015D DD 77 FA         [19]  343 	ld	-6 (ix), a
    00000160 DD 7E 0B         [19]  344 	ld	a, 11 (ix)
    00000163 CE FF            [ 7]  345 	adc	a, #0xff
    00000165 DD 77 FB         [19]  346 	ld	-5 (ix), a
    00000168                        347 00109$:
    00000168 DD 7E F9         [19]  348 	ld	a, -7 (ix)
    0000016B DD B6 F8         [19]  349 	or	a, -8 (ix)
    0000016E 28 55            [12]  350 	jr	Z, 00130$
                         00000170   351 	C$print.c$80$2_0$18	= .
                                    352 	.globl	C$print.c$80$2_0$18
                                    353 ;/workspace/idp-udev/src/ulibc/print.c:80: t = u % base;
    00000170 DD 5E FC         [19]  354 	ld	e, -4 (ix)
    00000173 DD 56 FD         [19]  355 	ld	d, -3 (ix)
    00000176 C5               [11]  356 	push	bc
    00000177 D5               [11]  357 	push	de
    00000178 DD 6E F8         [19]  358 	ld	l, -8 (ix)
    0000017B DD 66 F9         [19]  359 	ld	h, -7 (ix)
    0000017E CDr00r00         [17]  360 	call	__moduint
    00000181 EB               [ 4]  361 	ex	de, hl
    00000182 D1               [10]  362 	pop	de
    00000183 C1               [10]  363 	pop	bc
    00000184 DD 75 FE         [19]  364 	ld	-2 (ix), l
    00000187 DD 74 FF         [19]  365 	ld	-1 (ix), h
                         0000018A   366 	C$print.c$81$2_0$18	= .
                                    367 	.globl	C$print.c$81$2_0$18
                                    368 ;/workspace/idp-udev/src/ulibc/print.c:81: if( t >= 10 )
    0000018A DD 7E FE         [19]  369 	ld	a, -2 (ix)
    0000018D D6 0A            [ 7]  370 	sub	a, #0x0a
    0000018F DD 7E FF         [19]  371 	ld	a, -1 (ix)
    00000192 17               [ 4]  372 	rla
    00000193 3F               [ 4]  373 	ccf
    00000194 1F               [ 4]  374 	rra
    00000195 DE 80            [ 7]  375 	sbc	a, #0x80
    00000197 38 12            [12]  376 	jr	C, 00108$
                         00000199   377 	C$print.c$82$2_0$18	= .
                                    378 	.globl	C$print.c$82$2_0$18
                                    379 ;/workspace/idp-udev/src/ulibc/print.c:82: t += letbase - '0' - 10;
    00000199 DD 7E FE         [19]  380 	ld	a, -2 (ix)
    0000019C DD 86 FA         [19]  381 	add	a, -6 (ix)
    0000019F DD 77 FE         [19]  382 	ld	-2 (ix), a
    000001A2 DD 7E FF         [19]  383 	ld	a, -1 (ix)
    000001A5 DD 8E FB         [19]  384 	adc	a, -5 (ix)
    000001A8 DD 77 FF         [19]  385 	ld	-1 (ix), a
    000001AB                        386 00108$:
                         000001AB   387 	C$print.c$83$2_0$18	= .
                                    388 	.globl	C$print.c$83$2_0$18
                                    389 ;/workspace/idp-udev/src/ulibc/print.c:83: *--s = t + '0';
    000001AB 0B               [ 6]  390 	dec	bc
    000001AC DD 7E FE         [19]  391 	ld	a, -2 (ix)
    000001AF C6 30            [ 7]  392 	add	a, #0x30
    000001B1 02               [ 7]  393 	ld	(bc), a
                         000001B2   394 	C$print.c$84$1_0$15	= .
                                    395 	.globl	C$print.c$84$1_0$15
                                    396 ;/workspace/idp-udev/src/ulibc/print.c:84: u /= base;
    000001B2 C5               [11]  397 	push	bc
    000001B3 DD 6E F8         [19]  398 	ld	l, -8 (ix)
    000001B6 DD 66 F9         [19]  399 	ld	h, -7 (ix)
    000001B9 CDr00r00         [17]  400 	call	__divuint
    000001BC DD 73 F8         [19]  401 	ld	-8 (ix), e
    000001BF DD 72 F9         [19]  402 	ld	-7 (ix), d
    000001C2 C1               [10]  403 	pop	bc
    000001C3 18 A3            [12]  404 	jr	00109$
    000001C5                        405 00130$:
                         000001C5   406 	C$print.c$86$1_0$15	= .
                                    407 	.globl	C$print.c$86$1_0$15
                                    408 ;/workspace/idp-udev/src/ulibc/print.c:86: if (neg) {
    000001C5 DD 7E F7         [19]  409 	ld	a, -9 (ix)
    000001C8 B7               [ 4]  410 	or	a, a
    000001C9 28 29            [12]  411 	jr	Z, 00117$
                         000001CB   412 	C$print.c$87$2_0$19	= .
                                    413 	.globl	C$print.c$87$2_0$19
                                    414 ;/workspace/idp-udev/src/ulibc/print.c:87: if( width && (flags & PAD_ZERO) ) {
    000001CB DD 7E 07         [19]  415 	ld	a, 7 (ix)
    000001CE DD B6 06         [19]  416 	or	a, 6 (ix)
    000001D1 28 1D            [12]  417 	jr	Z, 00113$
    000001D3 DD CB 08 46      [20]  418 	bit	0, 8 (ix)
    000001D7 28 17            [12]  419 	jr	Z, 00113$
                         000001D9   420 	C$print.c$88$3_0$20	= .
                                    421 	.globl	C$print.c$88$3_0$20
                                    422 ;/workspace/idp-udev/src/ulibc/print.c:88: putchar ('-');
    000001D9 C5               [11]  423 	push	bc
    000001DA 21 2D 00         [10]  424 	ld	hl, #0x002d
    000001DD CDr00r00         [17]  425 	call	_putchar
    000001E0 C1               [10]  426 	pop	bc
                         000001E1   427 	C$print.c$90$3_0$20	= .
                                    428 	.globl	C$print.c$90$3_0$20
                                    429 ;/workspace/idp-udev/src/ulibc/print.c:90: --width;
    000001E1 DD 6E 06         [19]  430 	ld	l, 6 (ix)
    000001E4 DD 66 07         [19]  431 	ld	h, 7 (ix)
    000001E7 2B               [ 6]  432 	dec	hl
    000001E8 DD 75 06         [19]  433 	ld	6 (ix), l
    000001EB DD 74 07         [19]  434 	ld	7 (ix), h
    000001EE 18 04            [12]  435 	jr	00117$
    000001F0                        436 00113$:
                         000001F0   437 	C$print.c$93$3_0$21	= .
                                    438 	.globl	C$print.c$93$3_0$21
                                    439 ;/workspace/idp-udev/src/ulibc/print.c:93: *--s = '-';
    000001F0 0B               [ 6]  440 	dec	bc
    000001F1 3E 2D            [ 7]  441 	ld	a, #0x2d
    000001F3 02               [ 7]  442 	ld	(bc), a
    000001F4                        443 00117$:
                         000001F4   444 	C$print.c$96$1_0$15	= .
                                    445 	.globl	C$print.c$96$1_0$15
                                    446 ;/workspace/idp-udev/src/ulibc/print.c:96: _prints(s, width, flags);
    000001F4 DD 6E 08         [19]  447 	ld	l, 8 (ix)
    000001F7 DD 66 09         [19]  448 	ld	h, 9 (ix)
    000001FA E5               [11]  449 	push	hl
    000001FB DD 5E 06         [19]  450 	ld	e, 6 (ix)
    000001FE DD 56 07         [19]  451 	ld	d, 7 (ix)
    00000201 69               [ 4]  452 	ld	l, c
    00000202 60               [ 4]  453 	ld	h, b
    00000203 CDr00r00         [17]  454 	call	__prints
    00000206                        455 00118$:
                         00000206   456 	C$print.c$97$1_0$15	= .
                                    457 	.globl	C$print.c$97$1_0$15
                                    458 ;/workspace/idp-udev/src/ulibc/print.c:97: }
    00000206 DD F9            [10]  459 	ld	sp, ix
    00000208 DD E1            [14]  460 	pop	ix
    0000020A E1               [10]  461 	pop	hl
    0000020B F1               [10]  462 	pop	af
    0000020C F1               [10]  463 	pop	af
    0000020D F1               [10]  464 	pop	af
    0000020E F1               [10]  465 	pop	af
    0000020F E9               [ 4]  466 	jp	(hl)
                         00000210   467 	G$printf$0$0	= .
                                    468 	.globl	G$printf$0$0
                         00000210   469 	C$print.c$99$1_0$23	= .
                                    470 	.globl	C$print.c$99$1_0$23
                                    471 ;/workspace/idp-udev/src/ulibc/print.c:99: void printf(const char *format, ...)
                                    472 ;	---------------------------------
                                    473 ; Function printf
                                    474 ; ---------------------------------
    00000210                        475 _printf::
    00000210 DD E5            [15]  476 	push	ix
    00000212 DD 21 00 00      [14]  477 	ld	ix,#0
    00000216 DD 39            [15]  478 	add	ix,sp
    00000218 21 F4 FF         [10]  479 	ld	hl, #-12
    0000021B 39               [11]  480 	add	hl, sp
    0000021C F9               [ 6]  481 	ld	sp, hl
                         0000021D   482 	C$print.c$103$2_0$24	= .
                                    483 	.globl	C$print.c$103$2_0$24
                                    484 ;/workspace/idp-udev/src/ulibc/print.c:103: va_start(ap, format);
    0000021D 21 12 00         [10]  485 	ld	hl, #18
    00000220 39               [11]  486 	add	hl, sp
    00000221 DD 75 F8         [19]  487 	ld	-8 (ix), l
    00000224 DD 74 F9         [19]  488 	ld	-7 (ix), h
    00000227                        489 00132$:
                         00000227   490 	C$print.c$116$2_1$23	= .
                                    491 	.globl	C$print.c$116$2_1$23
                                    492 ;/workspace/idp-udev/src/ulibc/print.c:116: for (; *format != 0; ++format) {
    00000227 DD 4E 04         [19]  493 	ld	c, 4 (ix)
    0000022A DD 46 05         [19]  494 	ld	b, 5 (ix)
    0000022D 0A               [ 7]  495 	ld	a, (bc)
    0000022E B7               [ 4]  496 	or	a, a
    0000022F CArB3r04         [10]  497 	jp	Z, 00134$
                         00000232   498 	C$print.c$118$3_1$27	= .
                                    499 	.globl	C$print.c$118$3_1$27
                                    500 ;/workspace/idp-udev/src/ulibc/print.c:118: if (*format == '%') {
    00000232 FE 25            [ 7]  501 	cp	a, #0x25
    00000234 C2rA1r04         [10]  502 	jp	NZ, 00122$
                         00000237   503 	C$print.c$119$4_1$28	= .
                                    504 	.globl	C$print.c$119$4_1$28
                                    505 ;/workspace/idp-udev/src/ulibc/print.c:119: ++format;                   /* peek at next char after % */
    00000237 03               [ 6]  506 	inc	bc
    00000238 DD 71 04         [19]  507 	ld	4 (ix), c
    0000023B DD 70 05         [19]  508 	ld	5 (ix), b
                         0000023E   509 	C$print.c$120$4_1$28	= .
                                    510 	.globl	C$print.c$120$4_1$28
                                    511 ;/workspace/idp-udev/src/ulibc/print.c:120: width = flags = 0;
    0000023E AF               [ 4]  512 	xor	a, a
    0000023F DD 77 FE         [19]  513 	ld	-2 (ix), a
    00000242 DD 77 FF         [19]  514 	ld	-1 (ix), a
    00000245 AF               [ 4]  515 	xor	a, a
    00000246 DD 77 FA         [19]  516 	ld	-6 (ix), a
    00000249 DD 77 FB         [19]  517 	ld	-5 (ix), a
                         0000024C   518 	C$print.c$116$2_1$23	= .
                                    519 	.globl	C$print.c$116$2_1$23
                                    520 ;/workspace/idp-udev/src/ulibc/print.c:116: for (; *format != 0; ++format) {
    0000024C DD 7E 04         [19]  521 	ld	a, 4 (ix)
    0000024F DD 77 FC         [19]  522 	ld	-4 (ix), a
    00000252 DD 7E 05         [19]  523 	ld	a, 5 (ix)
    00000255 DD 77 FD         [19]  524 	ld	-3 (ix), a
    00000258 DD 6E FC         [19]  525 	ld	l, -4 (ix)
    0000025B DD 66 FD         [19]  526 	ld	h, -3 (ix)
    0000025E 7E               [ 7]  527 	ld	a, (hl)
                         0000025F   528 	C$print.c$121$4_1$28	= .
                                    529 	.globl	C$print.c$121$4_1$28
                                    530 ;/workspace/idp-udev/src/ulibc/print.c:121: if (*format == '\0')        /* if end of string it's a mistake: ignore */
    0000025F B7               [ 4]  531 	or	a, a
    00000260 CArB3r04         [10]  532 	jp	Z, 00134$
                         00000263   533 	C$print.c$123$4_1$28	= .
                                    534 	.globl	C$print.c$123$4_1$28
                                    535 ;/workspace/idp-udev/src/ulibc/print.c:123: if (*format == '%')         /* if %% then it's escape code */
    00000263 FE 25            [ 7]  536 	cp	a, #0x25
    00000265 CArA1r04         [10]  537 	jp	Z, 00122$
                         00000268   538 	C$print.c$125$4_1$28	= .
                                    539 	.globl	C$print.c$125$4_1$28
                                    540 ;/workspace/idp-udev/src/ulibc/print.c:125: if (*format == '-') {       /* if - then pad right and get next format specifier */
    00000268 D6 2D            [ 7]  541 	sub	a, #0x2d
    0000026A 20 18            [12]  542 	jr	NZ, 00144$
                         0000026C   543 	C$print.c$126$5_1$29	= .
                                    544 	.globl	C$print.c$126$5_1$29
                                    545 ;/workspace/idp-udev/src/ulibc/print.c:126: ++format;
    0000026C DD 7E FC         [19]  546 	ld	a, -4 (ix)
    0000026F C6 01            [ 7]  547 	add	a, #0x01
    00000271 DD 77 04         [19]  548 	ld	4 (ix), a
    00000274 DD 7E FD         [19]  549 	ld	a, -3 (ix)
    00000277 CE 00            [ 7]  550 	adc	a, #0x00
    00000279 DD 77 05         [19]  551 	ld	5 (ix), a
                         0000027C   552 	C$print.c$127$5_1$29	= .
                                    553 	.globl	C$print.c$127$5_1$29
                                    554 ;/workspace/idp-udev/src/ulibc/print.c:127: flags = PAD_RIGHT;
    0000027C DD 36 FE 02      [19]  555 	ld	-2 (ix), #0x02
    00000280 DD 36 FF 00      [19]  556 	ld	-1 (ix), #0
                         00000284   557 	C$print.c$129$2_1$23	= .
                                    558 	.globl	C$print.c$129$2_1$23
                                    559 ;/workspace/idp-udev/src/ulibc/print.c:129: while (*format == '0') {    /* if 0 then pad zero and get next format specifier */
    00000284                        560 00144$:
    00000284 DD 7E 04         [19]  561 	ld	a, 4 (ix)
    00000287 DD 77 FC         [19]  562 	ld	-4 (ix), a
    0000028A DD 7E 05         [19]  563 	ld	a, 5 (ix)
    0000028D DD 77 FD         [19]  564 	ld	-3 (ix), a
    00000290                        565 00107$:
    00000290 DD 6E FC         [19]  566 	ld	l, -4 (ix)
    00000293 DD 66 FD         [19]  567 	ld	h, -3 (ix)
    00000296 5E               [ 7]  568 	ld	e, (hl)
                         00000297   569 	C$print.c$130$2_1$23	= .
                                    570 	.globl	C$print.c$130$2_1$23
                                    571 ;/workspace/idp-udev/src/ulibc/print.c:130: ++format;
    00000297 DD 4E FC         [19]  572 	ld	c, -4 (ix)
    0000029A DD 46 FD         [19]  573 	ld	b, -3 (ix)
    0000029D 03               [ 6]  574 	inc	bc
                         0000029E   575 	C$print.c$129$4_1$28	= .
                                    576 	.globl	C$print.c$129$4_1$28
                                    577 ;/workspace/idp-udev/src/ulibc/print.c:129: while (*format == '0') {    /* if 0 then pad zero and get next format specifier */
    0000029E 7B               [ 4]  578 	ld	a, e
    0000029F D6 30            [ 7]  579 	sub	a, #0x30
    000002A1 20 1C            [12]  580 	jr	NZ, 00157$
                         000002A3   581 	C$print.c$130$5_1$30	= .
                                    582 	.globl	C$print.c$130$5_1$30
                                    583 ;/workspace/idp-udev/src/ulibc/print.c:130: ++format;
    000002A3 DD 71 FC         [19]  584 	ld	-4 (ix), c
    000002A6 DD 70 FD         [19]  585 	ld	-3 (ix), b
    000002A9 DD 71 04         [19]  586 	ld	4 (ix), c
    000002AC DD 70 05         [19]  587 	ld	5 (ix), b
                         000002AF   588 	C$print.c$131$5_1$30	= .
                                    589 	.globl	C$print.c$131$5_1$30
                                    590 ;/workspace/idp-udev/src/ulibc/print.c:131: flags |= PAD_ZERO;
    000002AF DD 7E FE         [19]  591 	ld	a, -2 (ix)
    000002B2 DD 77 FE         [19]  592 	ld	-2 (ix), a
    000002B5 DD CB FE C6      [23]  593 	set	0, -2 (ix)
    000002B9 DD 36 FF 00      [19]  594 	ld	-1 (ix), #0x00
    000002BD 18 D1            [12]  595 	jr	00107$
    000002BF                        596 00157$:
    000002BF DD 7E FC         [19]  597 	ld	a, -4 (ix)
    000002C2 DD 77 04         [19]  598 	ld	4 (ix), a
    000002C5 DD 7E FD         [19]  599 	ld	a, -3 (ix)
    000002C8 DD 77 05         [19]  600 	ld	5 (ix), a
                         000002CB   601 	C$print.c$133$4_1$28	= .
                                    602 	.globl	C$print.c$133$4_1$28
                                    603 ;/workspace/idp-udev/src/ulibc/print.c:133: if (*format == '*') {
    000002CB 7B               [ 4]  604 	ld	a, e
    000002CC D6 2A            [ 7]  605 	sub	a, #0x2a
    000002CE 20 21            [12]  606 	jr	NZ, 00148$
                         000002D0   607 	C$print.c$134$5_1$31	= .
                                    608 	.globl	C$print.c$134$5_1$31
                                    609 ;/workspace/idp-udev/src/ulibc/print.c:134: width = va_arg(ap, int);
    000002D0 DD 5E F8         [19]  610 	ld	e, -8 (ix)
    000002D3 DD 56 F9         [19]  611 	ld	d, -7 (ix)
    000002D6 13               [ 6]  612 	inc	de
    000002D7 13               [ 6]  613 	inc	de
    000002D8 DD 73 F8         [19]  614 	ld	-8 (ix), e
    000002DB DD 72 F9         [19]  615 	ld	-7 (ix), d
    000002DE 1B               [ 6]  616 	dec	de
    000002DF 1B               [ 6]  617 	dec	de
    000002E0 1A               [ 7]  618 	ld	a, (de)
    000002E1 DD 77 FA         [19]  619 	ld	-6 (ix), a
    000002E4 13               [ 6]  620 	inc	de
    000002E5 1A               [ 7]  621 	ld	a, (de)
    000002E6 DD 77 FB         [19]  622 	ld	-5 (ix), a
                         000002E9   623 	C$print.c$135$5_1$31	= .
                                    624 	.globl	C$print.c$135$5_1$31
                                    625 ;/workspace/idp-udev/src/ulibc/print.c:135: format++;
    000002E9 DD 71 04         [19]  626 	ld	4 (ix), c
    000002EC DD 70 05         [19]  627 	ld	5 (ix), b
    000002EF 18 3F            [12]  628 	jr	00113$
    000002F1                        629 00148$:
    000002F1 DD 4E FC         [19]  630 	ld	c, -4 (ix)
    000002F4 DD 46 FD         [19]  631 	ld	b, -3 (ix)
    000002F7                        632 00129$:
                         000002F7   633 	C$print.c$137$6_1$33	= .
                                    634 	.globl	C$print.c$137$6_1$33
                                    635 ;/workspace/idp-udev/src/ulibc/print.c:137: for ( ; *format >= '0' && *format <= '9'; ++format) {
    000002F7 0A               [ 7]  636 	ld	a, (bc)
    000002F8 5F               [ 4]  637 	ld	e, a
    000002F9 D6 30            [ 7]  638 	sub	a, #0x30
    000002FB 38 2D            [12]  639 	jr	C, 00158$
    000002FD 3E 39            [ 7]  640 	ld	a, #0x39
    000002FF 93               [ 4]  641 	sub	a, e
    00000300 38 28            [12]  642 	jr	C, 00158$
                         00000302   643 	C$print.c$138$7_1$34	= .
                                    644 	.globl	C$print.c$138$7_1$34
                                    645 ;/workspace/idp-udev/src/ulibc/print.c:138: width *= 10;
    00000302 D5               [11]  646 	push	de
    00000303 DD 5E FA         [19]  647 	ld	e, -6 (ix)
    00000306 DD 56 FB         [19]  648 	ld	d, -5 (ix)
    00000309 6B               [ 4]  649 	ld	l, e
    0000030A 62               [ 4]  650 	ld	h, d
    0000030B 29               [11]  651 	add	hl, hl
    0000030C 29               [11]  652 	add	hl, hl
    0000030D 19               [11]  653 	add	hl, de
    0000030E 29               [11]  654 	add	hl, hl
    0000030F D1               [10]  655 	pop	de
                         00000310   656 	C$print.c$139$7_1$34	= .
                                    657 	.globl	C$print.c$139$7_1$34
                                    658 ;/workspace/idp-udev/src/ulibc/print.c:139: width += *format - '0';
    00000310 16 00            [ 7]  659 	ld	d, #0x00
    00000312 7B               [ 4]  660 	ld	a, e
    00000313 C6 D0            [ 7]  661 	add	a, #0xd0
    00000315 5F               [ 4]  662 	ld	e, a
    00000316 7A               [ 4]  663 	ld	a, d
    00000317 CE FF            [ 7]  664 	adc	a, #0xff
    00000319 57               [ 4]  665 	ld	d, a
    0000031A 19               [11]  666 	add	hl, de
    0000031B DD 75 FA         [19]  667 	ld	-6 (ix), l
    0000031E DD 74 FB         [19]  668 	ld	-5 (ix), h
                         00000321   669 	C$print.c$137$6_1$33	= .
                                    670 	.globl	C$print.c$137$6_1$33
                                    671 ;/workspace/idp-udev/src/ulibc/print.c:137: for ( ; *format >= '0' && *format <= '9'; ++format) {
    00000321 03               [ 6]  672 	inc	bc
    00000322 DD 71 04         [19]  673 	ld	4 (ix), c
    00000325 DD 70 05         [19]  674 	ld	5 (ix), b
    00000328 18 CD            [12]  675 	jr	00129$
    0000032A                        676 00158$:
    0000032A DD 71 04         [19]  677 	ld	4 (ix), c
    0000032D DD 70 05         [19]  678 	ld	5 (ix), b
    00000330                        679 00113$:
                         00000330   680 	C$print.c$143$4_1$28	= .
                                    681 	.globl	C$print.c$143$4_1$28
                                    682 ;/workspace/idp-udev/src/ulibc/print.c:143: switch (*format) {
    00000330 DD 6E 04         [19]  683 	ld	l, 4 (ix)
    00000333 DD 66 05         [19]  684 	ld	h, 5 (ix)
    00000336 7E               [ 7]  685 	ld	a, (hl)
                         00000337   686 	C$print.c$134$2_1$23	= .
                                    687 	.globl	C$print.c$134$2_1$23
                                    688 ;/workspace/idp-udev/src/ulibc/print.c:134: width = va_arg(ap, int);
    00000337 DD 4E F8         [19]  689 	ld	c, -8 (ix)
    0000033A DD 46 F9         [19]  690 	ld	b, -7 (ix)
    0000033D 03               [ 6]  691 	inc	bc
    0000033E 03               [ 6]  692 	inc	bc
                         0000033F   693 	C$print.c$145$2_1$23	= .
                                    694 	.globl	C$print.c$145$2_1$23
                                    695 ;/workspace/idp-udev/src/ulibc/print.c:145: u.i = va_arg(ap, int);
    0000033F 59               [ 4]  696 	ld	e, c
    00000340 50               [ 4]  697 	ld	d, b
    00000341 1B               [ 6]  698 	dec	de
    00000342 1B               [ 6]  699 	dec	de
                         00000343   700 	C$print.c$150$2_1$23	= .
                                    701 	.globl	C$print.c$150$2_1$23
                                    702 ;/workspace/idp-udev/src/ulibc/print.c:150: u.u = va_arg(ap, unsigned int);
    00000343 6B               [ 4]  703 	ld	l, e
    00000344 62               [ 4]  704 	ld	h, d
                         00000345   705 	C$print.c$143$4_1$28	= .
                                    706 	.globl	C$print.c$143$4_1$28
                                    707 ;/workspace/idp-udev/src/ulibc/print.c:143: switch (*format) {
    00000345 FE 58            [ 7]  708 	cp	a, #0x58
    00000347 CArF9r03         [10]  709 	jp	Z, 00117$
                         0000034A   710 	C$print.c$145$2_1$23	= .
                                    711 	.globl	C$print.c$145$2_1$23
                                    712 ;/workspace/idp-udev/src/ulibc/print.c:145: u.i = va_arg(ap, int);
    0000034A DD 73 FC         [19]  713 	ld	-4 (ix), e
    0000034D DD 72 FD         [19]  714 	ld	-3 (ix), d
                         00000350   715 	C$print.c$143$4_1$28	= .
                                    716 	.globl	C$print.c$143$4_1$28
                                    717 ;/workspace/idp-udev/src/ulibc/print.c:143: switch (*format) {
    00000350 FE 63            [ 7]  718 	cp	a, #0x63
    00000352 CAr27r04         [10]  719 	jp	Z, 00118$
    00000355 FE 64            [ 7]  720 	cp	a, #0x64
    00000357 28 10            [12]  721 	jr	Z, 00114$
    00000359 FE 73            [ 7]  722 	cp	a, #0x73
    0000035B CAr51r04         [10]  723 	jp	Z, 00119$
    0000035E FE 75            [ 7]  724 	cp	a, #0x75
    00000360 28 3B            [12]  725 	jr	Z, 00115$
    00000362 D6 78            [ 7]  726 	sub	a, #0x78
    00000364 28 65            [12]  727 	jr	Z, 00116$
    00000366 C3rA7r04         [10]  728 	jp	00133$
                         00000369   729 	C$print.c$144$5_1$35	= .
                                    730 	.globl	C$print.c$144$5_1$35
                                    731 ;/workspace/idp-udev/src/ulibc/print.c:144: case('d'):              /* decimal! */
    00000369                        732 00114$:
                         00000369   733 	C$print.c$145$5_1$35	= .
                                    734 	.globl	C$print.c$145$5_1$35
                                    735 ;/workspace/idp-udev/src/ulibc/print.c:145: u.i = va_arg(ap, int);
    00000369 DD 71 F8         [19]  736 	ld	-8 (ix), c
    0000036C DD 70 F9         [19]  737 	ld	-7 (ix), b
    0000036F DD 6E FC         [19]  738 	ld	l, -4 (ix)
    00000372 DD 66 FD         [19]  739 	ld	h, -3 (ix)
    00000375 7E               [ 7]  740 	ld	a, (hl)
    00000376 23               [ 6]  741 	inc	hl
    00000377 66               [ 7]  742 	ld	h, (hl)
    00000378 6F               [ 4]  743 	ld	l, a
    00000379 DD 75 F6         [19]  744 	ld	-10 (ix), l
    0000037C DD 74 F7         [19]  745 	ld	-9 (ix), h
                         0000037F   746 	C$print.c$146$5_1$35	= .
                                    747 	.globl	C$print.c$146$5_1$35
                                    748 ;/workspace/idp-udev/src/ulibc/print.c:146: _printi(u.i, 10, 1, width, flags, 'a');
    0000037F 11 61 00         [10]  749 	ld	de, #0x0061
    00000382 D5               [11]  750 	push	de
    00000383 DD 5E FE         [19]  751 	ld	e, -2 (ix)
    00000386 16 00            [ 7]  752 	ld	d, #0x00
    00000388 D5               [11]  753 	push	de
    00000389 DD 5E FA         [19]  754 	ld	e, -6 (ix)
    0000038C DD 56 FB         [19]  755 	ld	d, -5 (ix)
    0000038F D5               [11]  756 	push	de
    00000390 11 01 00         [10]  757 	ld	de, #0x0001
    00000393 D5               [11]  758 	push	de
    00000394 11 0A 00         [10]  759 	ld	de, #0x000a
    00000397 CDrDFr00         [17]  760 	call	__printi
                         0000039A   761 	C$print.c$147$5_1$35	= .
                                    762 	.globl	C$print.c$147$5_1$35
                                    763 ;/workspace/idp-udev/src/ulibc/print.c:147: break;
    0000039A C3rA7r04         [10]  764 	jp	00133$
                         0000039D   765 	C$print.c$149$5_1$35	= .
                                    766 	.globl	C$print.c$149$5_1$35
                                    767 ;/workspace/idp-udev/src/ulibc/print.c:149: case('u'):              /* unsigned */
    0000039D                        768 00115$:
                         0000039D   769 	C$print.c$150$5_1$35	= .
                                    770 	.globl	C$print.c$150$5_1$35
                                    771 ;/workspace/idp-udev/src/ulibc/print.c:150: u.u = va_arg(ap, unsigned int);
    0000039D DD 71 F8         [19]  772 	ld	-8 (ix), c
    000003A0 DD 70 F9         [19]  773 	ld	-7 (ix), b
    000003A3 7E               [ 7]  774 	ld	a, (hl)
    000003A4 23               [ 6]  775 	inc	hl
    000003A5 66               [ 7]  776 	ld	h, (hl)
    000003A6 6F               [ 4]  777 	ld	l, a
    000003A7 DD 75 F6         [19]  778 	ld	-10 (ix), l
    000003AA DD 74 F7         [19]  779 	ld	-9 (ix), h
                         000003AD   780 	C$print.c$151$5_1$35	= .
                                    781 	.globl	C$print.c$151$5_1$35
                                    782 ;/workspace/idp-udev/src/ulibc/print.c:151: _printi(u.u, 10, 0, width, flags, 'a');
    000003AD 11 61 00         [10]  783 	ld	de, #0x0061
    000003B0 D5               [11]  784 	push	de
    000003B1 DD 5E FE         [19]  785 	ld	e, -2 (ix)
    000003B4 16 00            [ 7]  786 	ld	d, #0x00
    000003B6 D5               [11]  787 	push	de
    000003B7 DD 5E FA         [19]  788 	ld	e, -6 (ix)
    000003BA DD 56 FB         [19]  789 	ld	d, -5 (ix)
    000003BD D5               [11]  790 	push	de
    000003BE 11 00 00         [10]  791 	ld	de, #0x0000
    000003C1 D5               [11]  792 	push	de
    000003C2 11 0A 00         [10]  793 	ld	de, #0x000a
    000003C5 CDrDFr00         [17]  794 	call	__printi
                         000003C8   795 	C$print.c$152$5_1$35	= .
                                    796 	.globl	C$print.c$152$5_1$35
                                    797 ;/workspace/idp-udev/src/ulibc/print.c:152: break;
    000003C8 C3rA7r04         [10]  798 	jp	00133$
                         000003CB   799 	C$print.c$154$5_1$35	= .
                                    800 	.globl	C$print.c$154$5_1$35
                                    801 ;/workspace/idp-udev/src/ulibc/print.c:154: case('x'):              /* hex */
    000003CB                        802 00116$:
                         000003CB   803 	C$print.c$155$5_1$35	= .
                                    804 	.globl	C$print.c$155$5_1$35
                                    805 ;/workspace/idp-udev/src/ulibc/print.c:155: u.u = va_arg(ap, unsigned int);
    000003CB DD 71 F8         [19]  806 	ld	-8 (ix), c
    000003CE DD 70 F9         [19]  807 	ld	-7 (ix), b
    000003D1 7E               [ 7]  808 	ld	a, (hl)
    000003D2 23               [ 6]  809 	inc	hl
    000003D3 66               [ 7]  810 	ld	h, (hl)
    000003D4 6F               [ 4]  811 	ld	l, a
    000003D5 DD 75 F6         [19]  812 	ld	-10 (ix), l
    000003D8 DD 74 F7         [19]  813 	ld	-9 (ix), h
                         000003DB   814 	C$print.c$156$5_1$35	= .
                                    815 	.globl	C$print.c$156$5_1$35
                                    816 ;/workspace/idp-udev/src/ulibc/print.c:156: _printi(u.u, 16, 0, width, flags, 'a');
    000003DB 11 61 00         [10]  817 	ld	de, #0x0061
    000003DE D5               [11]  818 	push	de
    000003DF DD 5E FE         [19]  819 	ld	e, -2 (ix)
    000003E2 16 00            [ 7]  820 	ld	d, #0x00
    000003E4 D5               [11]  821 	push	de
    000003E5 DD 5E FA         [19]  822 	ld	e, -6 (ix)
    000003E8 DD 56 FB         [19]  823 	ld	d, -5 (ix)
    000003EB D5               [11]  824 	push	de
    000003EC 11 00 00         [10]  825 	ld	de, #0x0000
    000003EF D5               [11]  826 	push	de
    000003F0 11 10 00         [10]  827 	ld	de, #0x0010
    000003F3 CDrDFr00         [17]  828 	call	__printi
                         000003F6   829 	C$print.c$157$5_1$35	= .
                                    830 	.globl	C$print.c$157$5_1$35
                                    831 ;/workspace/idp-udev/src/ulibc/print.c:157: break;
    000003F6 C3rA7r04         [10]  832 	jp	00133$
                         000003F9   833 	C$print.c$159$5_1$35	= .
                                    834 	.globl	C$print.c$159$5_1$35
                                    835 ;/workspace/idp-udev/src/ulibc/print.c:159: case('X'):              /* hex, capital */
    000003F9                        836 00117$:
                         000003F9   837 	C$print.c$160$5_1$35	= .
                                    838 	.globl	C$print.c$160$5_1$35
                                    839 ;/workspace/idp-udev/src/ulibc/print.c:160: u.u = va_arg(ap, unsigned int);
    000003F9 DD 71 F8         [19]  840 	ld	-8 (ix), c
    000003FC DD 70 F9         [19]  841 	ld	-7 (ix), b
    000003FF 7E               [ 7]  842 	ld	a, (hl)
    00000400 23               [ 6]  843 	inc	hl
    00000401 66               [ 7]  844 	ld	h, (hl)
    00000402 6F               [ 4]  845 	ld	l, a
    00000403 DD 75 F6         [19]  846 	ld	-10 (ix), l
    00000406 DD 74 F7         [19]  847 	ld	-9 (ix), h
                         00000409   848 	C$print.c$161$5_1$35	= .
                                    849 	.globl	C$print.c$161$5_1$35
                                    850 ;/workspace/idp-udev/src/ulibc/print.c:161: _printi(u.u, 16, 0, width, flags, 'A');
    00000409 11 41 00         [10]  851 	ld	de, #0x0041
    0000040C D5               [11]  852 	push	de
    0000040D DD 5E FE         [19]  853 	ld	e, -2 (ix)
    00000410 16 00            [ 7]  854 	ld	d, #0x00
    00000412 D5               [11]  855 	push	de
    00000413 DD 5E FA         [19]  856 	ld	e, -6 (ix)
    00000416 DD 56 FB         [19]  857 	ld	d, -5 (ix)
    00000419 D5               [11]  858 	push	de
    0000041A 11 00 00         [10]  859 	ld	de, #0x0000
    0000041D D5               [11]  860 	push	de
    0000041E 11 10 00         [10]  861 	ld	de, #0x0010
    00000421 CDrDFr00         [17]  862 	call	__printi
                         00000424   863 	C$print.c$162$5_1$35	= .
                                    864 	.globl	C$print.c$162$5_1$35
                                    865 ;/workspace/idp-udev/src/ulibc/print.c:162: break;
    00000424 C3rA7r04         [10]  866 	jp	00133$
                         00000427   867 	C$print.c$164$5_1$35	= .
                                    868 	.globl	C$print.c$164$5_1$35
                                    869 ;/workspace/idp-udev/src/ulibc/print.c:164: case('c'):              /* char */
    00000427                        870 00118$:
                         00000427   871 	C$print.c$165$5_1$35	= .
                                    872 	.globl	C$print.c$165$5_1$35
                                    873 ;/workspace/idp-udev/src/ulibc/print.c:165: u.c = va_arg(ap, int);
    00000427 DD 71 F8         [19]  874 	ld	-8 (ix), c
    0000042A DD 70 F9         [19]  875 	ld	-7 (ix), b
    0000042D DD 6E FC         [19]  876 	ld	l, -4 (ix)
    00000430 DD 66 FD         [19]  877 	ld	h, -3 (ix)
    00000433 4E               [ 7]  878 	ld	c, (hl)
    00000434 DD 71 F6         [19]  879 	ld	-10 (ix), c
                         00000437   880 	C$print.c$166$5_1$35	= .
                                    881 	.globl	C$print.c$166$5_1$35
                                    882 ;/workspace/idp-udev/src/ulibc/print.c:166: scr[0] = u.c;
    00000437 21 00 00         [10]  883 	ld	hl, #0
    0000043A 39               [11]  884 	add	hl, sp
    0000043B 71               [ 7]  885 	ld	(hl), c
                         0000043C   886 	C$print.c$167$5_1$35	= .
                                    887 	.globl	C$print.c$167$5_1$35
                                    888 ;/workspace/idp-udev/src/ulibc/print.c:167: scr[1] = '\0';
    0000043C DD 36 F5 00      [19]  889 	ld	-11 (ix), #0x00
                         00000440   890 	C$print.c$168$5_1$35	= .
                                    891 	.globl	C$print.c$168$5_1$35
                                    892 ;/workspace/idp-udev/src/ulibc/print.c:168: _prints(scr, width, flags);
    00000440 DD 5E FE         [19]  893 	ld	e, -2 (ix)
    00000443 16 00            [ 7]  894 	ld	d, #0x00
    00000445 D5               [11]  895 	push	de
    00000446 DD 5E FA         [19]  896 	ld	e, -6 (ix)
    00000449 DD 56 FB         [19]  897 	ld	d, -5 (ix)
    0000044C CDr00r00         [17]  898 	call	__prints
                         0000044F   899 	C$print.c$169$5_1$35	= .
                                    900 	.globl	C$print.c$169$5_1$35
                                    901 ;/workspace/idp-udev/src/ulibc/print.c:169: break;
    0000044F 18 56            [12]  902 	jr	00133$
                         00000451   903 	C$print.c$171$5_1$35	= .
                                    904 	.globl	C$print.c$171$5_1$35
                                    905 ;/workspace/idp-udev/src/ulibc/print.c:171: case('s'):              /* string */
    00000451                        906 00119$:
                         00000451   907 	C$print.c$172$5_1$35	= .
                                    908 	.globl	C$print.c$172$5_1$35
                                    909 ;/workspace/idp-udev/src/ulibc/print.c:172: u.s = va_arg(ap, char *);
    00000451 DD 71 F8         [19]  910 	ld	-8 (ix), c
    00000454 DD 70 F9         [19]  911 	ld	-7 (ix), b
    00000457 1A               [ 7]  912 	ld	a, (de)
    00000458 DD 77 FC         [19]  913 	ld	-4 (ix), a
    0000045B 13               [ 6]  914 	inc	de
    0000045C 1A               [ 7]  915 	ld	a, (de)
    0000045D DD 77 FD         [19]  916 	ld	-3 (ix), a
    00000460 DD 7E FC         [19]  917 	ld	a, -4 (ix)
    00000463 DD 77 F6         [19]  918 	ld	-10 (ix), a
    00000466 DD 7E FD         [19]  919 	ld	a, -3 (ix)
    00000469 DD 77 F7         [19]  920 	ld	-9 (ix), a
                         0000046C   921 	C$print.c$174$5_1$35	= .
                                    922 	.globl	C$print.c$174$5_1$35
                                    923 ;/workspace/idp-udev/src/ulibc/print.c:174: _prints(u.s ? u.s : "(null)", width, flags);
    0000046C DD 7E FD         [19]  924 	ld	a, -3 (ix)
    0000046F DD B6 FC         [19]  925 	or	a, -4 (ix)
    00000472 28 0E            [12]  926 	jr	Z, 00136$
    00000474 DD 7E F6         [19]  927 	ld	a, -10 (ix)
    00000477 DD 77 FC         [19]  928 	ld	-4 (ix), a
    0000047A DD 7E F7         [19]  929 	ld	a, -9 (ix)
    0000047D DD 77 FD         [19]  930 	ld	-3 (ix), a
    00000480 18 08            [12]  931 	jr	00137$
    00000482                        932 00136$:
    00000482 DD 36 FCrB8      [19]  933 	ld	-4 (ix), #<(___str_0)
    00000486 DD 36 FDs04      [19]  934 	ld	-3 (ix), #>(___str_0)
    0000048A                        935 00137$:
    0000048A DD 6E FE         [19]  936 	ld	l, -2 (ix)
    0000048D 26 00            [ 7]  937 	ld	h, #0x00
    0000048F E5               [11]  938 	push	hl
    00000490 DD 5E FA         [19]  939 	ld	e, -6 (ix)
    00000493 DD 56 FB         [19]  940 	ld	d, -5 (ix)
    00000496 DD 6E FC         [19]  941 	ld	l, -4 (ix)
    00000499 DD 66 FD         [19]  942 	ld	h, -3 (ix)
    0000049C CDr00r00         [17]  943 	call	__prints
                         0000049F   944 	C$print.c$175$5_1$35	= .
                                    945 	.globl	C$print.c$175$5_1$35
                                    946 ;/workspace/idp-udev/src/ulibc/print.c:175: break;
    0000049F 18 06            [12]  947 	jr	00133$
                         000004A1   948 	C$print.c$181$4_1$36	= .
                                    949 	.globl	C$print.c$181$4_1$36
                                    950 ;/workspace/idp-udev/src/ulibc/print.c:181: esc:
    000004A1                        951 00122$:
                         000004A1   952 	C$print.c$182$4_1$36	= .
                                    953 	.globl	C$print.c$182$4_1$36
                                    954 ;/workspace/idp-udev/src/ulibc/print.c:182: putchar(*format);
    000004A1 26 00            [ 7]  955 	ld	h, #0x00
    000004A3 6F               [ 4]  956 	ld	l, a
    000004A4 CDr00r00         [17]  957 	call	_putchar
    000004A7                        958 00133$:
                         000004A7   959 	C$print.c$116$2_1$26	= .
                                    960 	.globl	C$print.c$116$2_1$26
                                    961 ;/workspace/idp-udev/src/ulibc/print.c:116: for (; *format != 0; ++format) {
    000004A7 DD 34 04         [23]  962 	inc	4 (ix)
    000004AA C2r27r02         [10]  963 	jp	NZ, 00132$
    000004AD DD 34 05         [23]  964 	inc	5 (ix)
    000004B0 C3r27r02         [10]  965 	jp	00132$
    000004B3                        966 00134$:
                         000004B3   967 	C$print.c$185$2_1$23	= .
                                    968 	.globl	C$print.c$185$2_1$23
                                    969 ;/workspace/idp-udev/src/ulibc/print.c:185: }
    000004B3 DD F9            [10]  970 	ld	sp, ix
    000004B5 DD E1            [14]  971 	pop	ix
                         000004B7   972 	C$print.c$185$2_1$23	= .
                                    973 	.globl	C$print.c$185$2_1$23
                         000004B7   974 	XG$printf$0$0	= .
                                    975 	.globl	XG$printf$0$0
    000004B7 C9               [10]  976 	ret
                         000004B8   977 Fprint$__str_0$0_0$0 == .
    000004B8                        978 ___str_0:
    000004B8 28 6E 75 6C 6C 29      979 	.ascii "(null)"
    000004BE 00                     980 	.db 0x00
                         000004BF   981 	G$puts$0$0	= .
                                    982 	.globl	G$puts$0$0
                         000004BF   983 	C$print.c$187$2_1$38	= .
                                    984 	.globl	C$print.c$187$2_1$38
                                    985 ;/workspace/idp-udev/src/ulibc/print.c:187: int puts(const char *s)
                                    986 ;	---------------------------------
                                    987 ; Function puts
                                    988 ; ---------------------------------
    000004BF                        989 _puts::
    000004BF EB               [ 4]  990 	ex	de, hl
                         000004C0   991 	C$print.c$190$1_0$38	= .
                                    992 	.globl	C$print.c$190$1_0$38
                                    993 ;/workspace/idp-udev/src/ulibc/print.c:190: if (s==NULL || s[0]==0) return 0;
    000004C0 7A               [ 4]  994 	ld	a, d
    000004C1 B3               [ 4]  995 	or	a, e
    000004C2 28 04            [12]  996 	jr	Z, 00101$
    000004C4 1A               [ 7]  997 	ld	a, (de)
    000004C5 B7               [ 4]  998 	or	a, a
    000004C6 20 04            [12]  999 	jr	NZ, 00111$
    000004C8                       1000 00101$:
    000004C8 11 00 00         [10] 1001 	ld	de, #0x0000
    000004CB C9               [10] 1002 	ret
                         000004CC  1003 	C$print.c$192$1_1$38	= .
                                   1004 	.globl	C$print.c$192$1_1$38
                                   1005 ;/workspace/idp-udev/src/ulibc/print.c:192: while(s[i]) { putchar(s[i]); i++; }
    000004CC                       1006 00111$:
    000004CC 01 00 00         [10] 1007 	ld	bc, #0x0000
    000004CF                       1008 00104$:
    000004CF 69               [ 4] 1009 	ld	l, c
    000004D0 60               [ 4] 1010 	ld	h, b
    000004D1 19               [11] 1011 	add	hl, de
    000004D2 7E               [ 7] 1012 	ld	a, (hl)
    000004D3 B7               [ 4] 1013 	or	a, a
    000004D4 28 0D            [12] 1014 	jr	Z, 00106$
    000004D6 26 00            [ 7] 1015 	ld	h, #0x00
    000004D8 C5               [11] 1016 	push	bc
    000004D9 D5               [11] 1017 	push	de
    000004DA 6F               [ 4] 1018 	ld	l, a
    000004DB CDr00r00         [17] 1019 	call	_putchar
    000004DE D1               [10] 1020 	pop	de
    000004DF C1               [10] 1021 	pop	bc
    000004E0 03               [ 6] 1022 	inc	bc
    000004E1 18 EC            [12] 1023 	jr	00104$
    000004E3                       1024 00106$:
                         000004E3  1025 	C$print.c$193$1_1$39	= .
                                   1026 	.globl	C$print.c$193$1_1$39
                                   1027 ;/workspace/idp-udev/src/ulibc/print.c:193: return 1;
    000004E3 11 01 00         [10] 1028 	ld	de, #0x0001
                         000004E6  1029 	C$print.c$194$1_1$38	= .
                                   1030 	.globl	C$print.c$194$1_1$38
                                   1031 ;/workspace/idp-udev/src/ulibc/print.c:194: }
                         000004E6  1032 	C$print.c$194$1_1$38	= .
                                   1033 	.globl	C$print.c$194$1_1$38
                         000004E6  1034 	XG$puts$0$0	= .
                                   1035 	.globl	XG$puts$0$0
    000004E6 C9               [10] 1036 	ret
                                   1037 	.area _CODE
                                   1038 	.area _INITIALIZER
                                   1039 	.area _CABS (ABS)
